-------------------------------------------------------------------------------
Test set: com.turingds.dsexercise.sorting.TestPartition
-------------------------------------------------------------------------------
Tests run: 1, Failures: 0, Errors: 1, Skipped: 0, Time elapsed: 0.118 s <<< FAILURE! -- in com.turingds.dsexercise.sorting.TestPartition
com.turingds.dsexercise.sorting.TestPartition.testQuickSort -- Time elapsed: 0.088 s <<< ERROR!
java.lang.StackOverflowError
	at java.base/java.nio.StringCharBuffer.<init>(StringCharBuffer.java:38)
	at java.base/java.nio.CharBuffer.wrap(CharBuffer.java:548)
	at java.base/java.nio.CharBuffer.wrap(CharBuffer.java:569)
	at org.apache.maven.surefire.api.stream.AbstractStreamEncoder.encodeString(AbstractStreamEncoder.java:118)
	at org.apache.maven.surefire.api.stream.AbstractStreamEncoder.encodeStringData(AbstractStreamEncoder.java:156)
	at org.apache.maven.surefire.api.stream.AbstractStreamEncoder.encode(AbstractStreamEncoder.java:145)
	at org.apache.maven.surefire.booter.spi.EventChannelEncoder.encodeMessage(EventChannelEncoder.java:378)
	at org.apache.maven.surefire.booter.spi.EventChannelEncoder.setOutErr(EventChannelEncoder.java:172)
	at org.apache.maven.surefire.booter.spi.EventChannelEncoder.testOutput(EventChannelEncoder.java:168)
	at org.apache.maven.surefire.api.booter.ForkingRunListener.writeTestOutput(ForkingRunListener.java:99)
	at org.apache.maven.surefire.api.booter.ForkingRunListener.writeTestOutput(ForkingRunListener.java:43)
	at org.apache.maven.surefire.junitplatform.RunListenerAdapter.writeTestOutput(RunListenerAdapter.java:394)
	at org.apache.maven.surefire.api.report.ConsoleOutputCapture$ForwardingPrintStream.println(ConsoleOutputCapture.java:116)
	at com.turingds.dsexercise.sorting.QuickSort.sortArray(QuickSort.java:62)
	at com.turingds.dsexercise.sorting.QuickSort.sortArray(QuickSort.java:63)
	at com.turingds.dsexercise.sorting.QuickSort.sortArray(QuickSort.java:63)
	at com.turingds.dsexercise.sorting.QuickSort.sortArray(QuickSort.java:63)
	at com.turingds.dsexercise.sorting.QuickSort.sortArray(QuickSort.java:63)
	at com.turingds.dsexercise.sorting.QuickSort.sortArray(QuickSort.java:63)
	at com.turingds.dsexercise.sorting.QuickSort.sortArray(QuickSort.java:63)
	at com.turingds.dsexercise.sorting.QuickSort.sortArray(QuickSort.java:63)
	at com.turingds.dsexercise.sorting.QuickSort.sortArray(QuickSort.java:63)
	at com.turingds.dsexercise.sorting.QuickSort.sortArray(QuickSort.java:63)
	at com.turingds.dsexercise.sorting.QuickSort.sortArray(QuickSort.java:63)
	at com.turingds.dsexercise.sorting.QuickSort.sortArray(QuickSort.java:63)
	at com.turingds.dsexercise.sorting.QuickSort.sortArray(QuickSort.java:63)
	at com.turingds.dsexercise.sorting.QuickSort.sortArray(QuickSort.java:63)
	at com.turingds.dsexercise.sorting.QuickSort.sortArray(QuickSort.java:63)
	at com.turingds.dsexercise.sorting.QuickSort.sortArray(QuickSort.java:63)
	at com.turingds.dsexercise.sorting.QuickSort.sortArray(QuickSort.java:63)
	at com.turingds.dsexercise.sorting.QuickSort.sortArray(QuickSort.java:63)
	at com.turingds.dsexercise.sorting.QuickSort.sortArray(QuickSort.java:63)
	at com.turingds.dsexercise.sorting.QuickSort.sortArray(QuickSort.java:63)
	at com.turingds.dsexercise.sorting.QuickSort.sortArray(QuickSort.java:63)
	at com.turingds.dsexercise.sorting.QuickSort.sortArray(QuickSort.java:63)
	at com.turingds.dsexercise.sorting.QuickSort.sortArray(QuickSort.java:63)
	at com.turingds.dsexercise.sorting.QuickSort.sortArray(QuickSort.java:63)
	at com.turingds.dsexercise.sorting.QuickSort.sortArray(QuickSort.java:63)
	at com.turingds.dsexercise.sorting.QuickSort.sortArray(QuickSort.java:63)
	at com.turingds.dsexercise.sorting.QuickSort.sortArray(QuickSort.java:63)
	at com.turingds.dsexercise.sorting.QuickSort.sortArray(QuickSort.java:63)
	at com.turingds.dsexercise.sorting.QuickSort.sortArray(QuickSort.java:63)
	at com.turingds.dsexercise.sorting.QuickSort.sortArray(QuickSort.java:63)
	at com.turingds.dsexercise.sorting.QuickSort.sortArray(QuickSort.java:63)
	at com.turingds.dsexercise.sorting.QuickSort.sortArray(QuickSort.java:63)
	at com.turingds.dsexercise.sorting.QuickSort.sortArray(QuickSort.java:63)
	at com.turingds.dsexercise.sorting.QuickSort.sortArray(QuickSort.java:63)
	at com.turingds.dsexercise.sorting.QuickSort.sortArray(QuickSort.java:63)
	at com.turingds.dsexercise.sorting.QuickSort.sortArray(QuickSort.java:63)
	at com.turingds.dsexercise.sorting.QuickSort.sortArray(QuickSort.java:63)
	at com.turingds.dsexercise.sorting.QuickSort.sortArray(QuickSort.java:63)
	at com.turingds.dsexercise.sorting.QuickSort.sortArray(QuickSort.java:63)
	at com.turingds.dsexercise.sorting.QuickSort.sortArray(QuickSort.java:63)
	at com.turingds.dsexercise.sorting.QuickSort.sortArray(QuickSort.java:63)
	at com.turingds.dsexercise.sorting.QuickSort.sortArray(QuickSort.java:63)
	at com.turingds.dsexercise.sorting.QuickSort.sortArray(QuickSort.java:63)
	at com.turingds.dsexercise.sorting.QuickSort.sortArray(QuickSort.java:63)
	at com.turingds.dsexercise.sorting.QuickSort.sortArray(QuickSort.java:63)
	at com.turingds.dsexercise.sorting.QuickSort.sortArray(QuickSort.java:63)
	at com.turingds.dsexercise.sorting.QuickSort.sortArray(QuickSort.java:63)
	at com.turingds.dsexercise.sorting.QuickSort.sortArray(QuickSort.java:63)
	at com.turingds.dsexercise.sorting.QuickSort.sortArray(QuickSort.java:63)
	at com.turingds.dsexercise.sorting.QuickSort.sortArray(QuickSort.java:63)
	at com.turingds.dsexercise.sorting.QuickSort.sortArray(QuickSort.java:63)
	at com.turingds.dsexercise.sorting.QuickSort.sortArray(QuickSort.java:63)
	at com.turingds.dsexercise.sorting.QuickSort.sortArray(QuickSort.java:63)
	at com.turingds.dsexercise.sorting.QuickSort.sortArray(QuickSort.java:63)
	at com.turingds.dsexercise.sorting.QuickSort.sortArray(QuickSort.java:63)
	at com.turingds.dsexercise.sorting.QuickSort.sortArray(QuickSort.java:63)
	at com.turingds.dsexercise.sorting.QuickSort.sortArray(QuickSort.java:63)
	at com.turingds.dsexercise.sorting.QuickSort.sortArray(QuickSort.java:63)
	at com.turingds.dsexercise.sorting.QuickSort.sortArray(QuickSort.java:63)
	at com.turingds.dsexercise.sorting.QuickSort.sortArray(QuickSort.java:63)
	at com.turingds.dsexercise.sorting.QuickSort.sortArray(QuickSort.java:63)
	at com.turingds.dsexercise.sorting.QuickSort.sortArray(QuickSort.java:63)
	at com.turingds.dsexercise.sorting.QuickSort.sortArray(QuickSort.java:63)
	at com.turingds.dsexercise.sorting.QuickSort.sortArray(QuickSort.java:63)
	at com.turingds.dsexercise.sorting.QuickSort.sortArray(QuickSort.java:63)
	at com.turingds.dsexercise.sorting.QuickSort.sortArray(QuickSort.java:63)
	at com.turingds.dsexercise.sorting.QuickSort.sortArray(QuickSort.java:63)
	at com.turingds.dsexercise.sorting.QuickSort.sortArray(QuickSort.java:63)
	at com.turingds.dsexercise.sorting.QuickSort.sortArray(QuickSort.java:63)
	at com.turingds.dsexercise.sorting.QuickSort.sortArray(QuickSort.java:63)
	at com.turingds.dsexercise.sorting.QuickSort.sortArray(QuickSort.java:63)
	at com.turingds.dsexercise.sorting.QuickSort.sortArray(QuickSort.java:63)
	at com.turingds.dsexercise.sorting.QuickSort.sortArray(QuickSort.java:63)
	at com.turingds.dsexercise.sorting.QuickSort.sortArray(QuickSort.java:63)
	at com.turingds.dsexercise.sorting.QuickSort.sortArray(QuickSort.java:63)
	at com.turingds.dsexercise.sorting.QuickSort.sortArray(QuickSort.java:63)
	at com.turingds.dsexercise.sorting.QuickSort.sortArray(QuickSort.java:63)
	at com.turingds.dsexercise.sorting.QuickSort.sortArray(QuickSort.java:63)
	at com.turingds.dsexercise.sorting.QuickSort.sortArray(QuickSort.java:63)
	at com.turingds.dsexercise.sorting.QuickSort.sortArray(QuickSort.java:63)
	at com.turingds.dsexercise.sorting.QuickSort.sortArray(QuickSort.java:63)
	at com.turingds.dsexercise.sorting.QuickSort.sortArray(QuickSort.java:63)
	at com.turingds.dsexercise.sorting.QuickSort.sortArray(QuickSort.java:63)
	at com.turingds.dsexercise.sorting.QuickSort.sortArray(QuickSort.java:63)
	at com.turingds.dsexercise.sorting.QuickSort.sortArray(QuickSort.java:63)
	at com.turingds.dsexercise.sorting.QuickSort.sortArray(QuickSort.java:63)
	at com.turingds.dsexercise.sorting.QuickSort.sortArray(QuickSort.java:63)
	at com.turingds.dsexercise.sorting.QuickSort.sortArray(QuickSort.java:63)
	at com.turingds.dsexercise.sorting.QuickSort.sortArray(QuickSort.java:63)
	at com.turingds.dsexercise.sorting.QuickSort.sortArray(QuickSort.java:63)
	at com.turingds.dsexercise.sorting.QuickSort.sortArray(QuickSort.java:63)
	at com.turingds.dsexercise.sorting.QuickSort.sortArray(QuickSort.java:63)
	at com.turingds.dsexercise.sorting.QuickSort.sortArray(QuickSort.java:63)
	at com.turingds.dsexercise.sorting.QuickSort.sortArray(QuickSort.java:63)
	at com.turingds.dsexercise.sorting.QuickSort.sortArray(QuickSort.java:63)
	at com.turingds.dsexercise.sorting.QuickSort.sortArray(QuickSort.java:63)
	at com.turingds.dsexercise.sorting.QuickSort.sortArray(QuickSort.java:63)
	at com.turingds.dsexercise.sorting.QuickSort.sortArray(QuickSort.java:63)
	at com.turingds.dsexercise.sorting.QuickSort.sortArray(QuickSort.java:63)
	at com.turingds.dsexercise.sorting.QuickSort.sortArray(QuickSort.java:63)
	at com.turingds.dsexercise.sorting.QuickSort.sortArray(QuickSort.java:63)
	at com.turingds.dsexercise.sorting.QuickSort.sortArray(QuickSort.java:63)
	at com.turingds.dsexercise.sorting.QuickSort.sortArray(QuickSort.java:63)
	at com.turingds.dsexercise.sorting.QuickSort.sortArray(QuickSort.java:63)
	at com.turingds.dsexercise.sorting.QuickSort.sortArray(QuickSort.java:63)
	at com.turingds.dsexercise.sorting.QuickSort.sortArray(QuickSort.java:63)
	at com.turingds.dsexercise.sorting.QuickSort.sortArray(QuickSort.java:63)
	at com.turingds.dsexercise.sorting.QuickSort.sortArray(QuickSort.java:63)
	at com.turingds.dsexercise.sorting.QuickSort.sortArray(QuickSort.java:63)
	at com.turingds.dsexercise.sorting.QuickSort.sortArray(QuickSort.java:63)
	at com.turingds.dsexercise.sorting.QuickSort.sortArray(QuickSort.java:63)
	at com.turingds.dsexercise.sorting.QuickSort.sortArray(QuickSort.java:63)
	at com.turingds.dsexercise.sorting.QuickSort.sortArray(QuickSort.java:63)
	at com.turingds.dsexercise.sorting.QuickSort.sortArray(QuickSort.java:63)
	at com.turingds.dsexercise.sorting.QuickSort.sortArray(QuickSort.java:63)
	at com.turingds.dsexercise.sorting.QuickSort.sortArray(QuickSort.java:63)
	at com.turingds.dsexercise.sorting.QuickSort.sortArray(QuickSort.java:63)
	at com.turingds.dsexercise.sorting.QuickSort.sortArray(QuickSort.java:63)
	at com.turingds.dsexercise.sorting.QuickSort.sortArray(QuickSort.java:63)
	at com.turingds.dsexercise.sorting.QuickSort.sortArray(QuickSort.java:63)
	at com.turingds.dsexercise.sorting.QuickSort.sortArray(QuickSort.java:63)
	at com.turingds.dsexercise.sorting.QuickSort.sortArray(QuickSort.java:63)
	at com.turingds.dsexercise.sorting.QuickSort.sortArray(QuickSort.java:63)
	at com.turingds.dsexercise.sorting.QuickSort.sortArray(QuickSort.java:63)
	at com.turingds.dsexercise.sorting.QuickSort.sortArray(QuickSort.java:63)
	at com.turingds.dsexercise.sorting.QuickSort.sortArray(QuickSort.java:63)
	at com.turingds.dsexercise.sorting.QuickSort.sortArray(QuickSort.java:63)
	at com.turingds.dsexercise.sorting.QuickSort.sortArray(QuickSort.java:63)
	at com.turingds.dsexercise.sorting.QuickSort.sortArray(QuickSort.java:63)
	at com.turingds.dsexercise.sorting.QuickSort.sortArray(QuickSort.java:63)
	at com.turingds.dsexercise.sorting.QuickSort.sortArray(QuickSort.java:63)
	at com.turingds.dsexercise.sorting.QuickSort.sortArray(QuickSort.java:63)
	at com.turingds.dsexercise.sorting.QuickSort.sortArray(QuickSort.java:63)
	at com.turingds.dsexercise.sorting.QuickSort.sortArray(QuickSort.java:63)
	at com.turingds.dsexercise.sorting.QuickSort.sortArray(QuickSort.java:63)
	at com.turingds.dsexercise.sorting.QuickSort.sortArray(QuickSort.java:63)
	at com.turingds.dsexercise.sorting.QuickSort.sortArray(QuickSort.java:63)
	at com.turingds.dsexercise.sorting.QuickSort.sortArray(QuickSort.java:63)
	at com.turingds.dsexercise.sorting.QuickSort.sortArray(QuickSort.java:63)
	at com.turingds.dsexercise.sorting.QuickSort.sortArray(QuickSort.java:63)
	at com.turingds.dsexercise.sorting.QuickSort.sortArray(QuickSort.java:63)
	at com.turingds.dsexercise.sorting.QuickSort.sortArray(QuickSort.java:63)
	at com.turingds.dsexercise.sorting.QuickSort.sortArray(QuickSort.java:63)
	at com.turingds.dsexercise.sorting.QuickSort.sortArray(QuickSort.java:63)
	at com.turingds.dsexercise.sorting.QuickSort.sortArray(QuickSort.java:63)
	at com.turingds.dsexercise.sorting.QuickSort.sortArray(QuickSort.java:63)
	at com.turingds.dsexercise.sorting.QuickSort.sortArray(QuickSort.java:63)
	at com.turingds.dsexercise.sorting.QuickSort.sortArray(QuickSort.java:63)
	at com.turingds.dsexercise.sorting.QuickSort.sortArray(QuickSort.java:63)
	at com.turingds.dsexercise.sorting.QuickSort.sortArray(QuickSort.java:63)
	at com.turingds.dsexercise.sorting.QuickSort.sortArray(QuickSort.java:63)
	at com.turingds.dsexercise.sorting.QuickSort.sortArray(QuickSort.java:63)
	at com.turingds.dsexercise.sorting.QuickSort.sortArray(QuickSort.java:63)
	at com.turingds.dsexercise.sorting.QuickSort.sortArray(QuickSort.java:63)
	at com.turingds.dsexercise.sorting.QuickSort.sortArray(QuickSort.java:63)
	at com.turingds.dsexercise.sorting.QuickSort.sortArray(QuickSort.java:63)
	at com.turingds.dsexercise.sorting.QuickSort.sortArray(QuickSort.java:63)
	at com.turingds.dsexercise.sorting.QuickSort.sortArray(QuickSort.java:63)
	at com.turingds.dsexercise.sorting.QuickSort.sortArray(QuickSort.java:63)
	at com.turingds.dsexercise.sorting.QuickSort.sortArray(QuickSort.java:63)
	at com.turingds.dsexercise.sorting.QuickSort.sortArray(QuickSort.java:63)
	at com.turingds.dsexercise.sorting.QuickSort.sortArray(QuickSort.java:63)
	at com.turingds.dsexercise.sorting.QuickSort.sortArray(QuickSort.java:63)
	at com.turingds.dsexercise.sorting.QuickSort.sortArray(QuickSort.java:63)
	at com.turingds.dsexercise.sorting.QuickSort.sortArray(QuickSort.java:63)
	at com.turingds.dsexercise.sorting.QuickSort.sortArray(QuickSort.java:63)
	at com.turingds.dsexercise.sorting.QuickSort.sortArray(QuickSort.java:63)
	at com.turingds.dsexercise.sorting.QuickSort.sortArray(QuickSort.java:63)
	at com.turingds.dsexercise.sorting.QuickSort.sortArray(QuickSort.java:63)
	at com.turingds.dsexercise.sorting.QuickSort.sortArray(QuickSort.java:63)
	at com.turingds.dsexercise.sorting.QuickSort.sortArray(QuickSort.java:63)
	at com.turingds.dsexercise.sorting.QuickSort.sortArray(QuickSort.java:63)
	at com.turingds.dsexercise.sorting.QuickSort.sortArray(QuickSort.java:63)
	at com.turingds.dsexercise.sorting.QuickSort.sortArray(QuickSort.java:63)
	at com.turingds.dsexercise.sorting.QuickSort.sortArray(QuickSort.java:63)
	at com.turingds.dsexercise.sorting.QuickSort.sortArray(QuickSort.java:63)
	at com.turingds.dsexercise.sorting.QuickSort.sortArray(QuickSort.java:63)
	at com.turingds.dsexercise.sorting.QuickSort.sortArray(QuickSort.java:63)
	at com.turingds.dsexercise.sorting.QuickSort.sortArray(QuickSort.java:63)
	at com.turingds.dsexercise.sorting.QuickSort.sortArray(QuickSort.java:63)
	at com.turingds.dsexercise.sorting.QuickSort.sortArray(QuickSort.java:63)
	at com.turingds.dsexercise.sorting.QuickSort.sortArray(QuickSort.java:63)
	at com.turingds.dsexercise.sorting.QuickSort.sortArray(QuickSort.java:63)
	at com.turingds.dsexercise.sorting.QuickSort.sortArray(QuickSort.java:63)
	at com.turingds.dsexercise.sorting.QuickSort.sortArray(QuickSort.java:63)
	at com.turingds.dsexercise.sorting.QuickSort.sortArray(QuickSort.java:63)
	at com.turingds.dsexercise.sorting.QuickSort.sortArray(QuickSort.java:63)
	at com.turingds.dsexercise.sorting.QuickSort.sortArray(QuickSort.java:63)
	at com.turingds.dsexercise.sorting.QuickSort.sortArray(QuickSort.java:63)
	at com.turingds.dsexercise.sorting.QuickSort.sortArray(QuickSort.java:63)
	at com.turingds.dsexercise.sorting.QuickSort.sortArray(QuickSort.java:63)
	at com.turingds.dsexercise.sorting.QuickSort.sortArray(QuickSort.java:63)
	at com.turingds.dsexercise.sorting.QuickSort.sortArray(QuickSort.java:63)
	at com.turingds.dsexercise.sorting.QuickSort.sortArray(QuickSort.java:63)
	at com.turingds.dsexercise.sorting.QuickSort.sortArray(QuickSort.java:63)
	at com.turingds.dsexercise.sorting.QuickSort.sortArray(QuickSort.java:63)
	at com.turingds.dsexercise.sorting.QuickSort.sortArray(QuickSort.java:63)
	at com.turingds.dsexercise.sorting.QuickSort.sortArray(QuickSort.java:63)
	at com.turingds.dsexercise.sorting.QuickSort.sortArray(QuickSort.java:63)
	at com.turingds.dsexercise.sorting.QuickSort.sortArray(QuickSort.java:63)
	at com.turingds.dsexercise.sorting.QuickSort.sortArray(QuickSort.java:63)
	at com.turingds.dsexercise.sorting.QuickSort.sortArray(QuickSort.java:63)
	at com.turingds.dsexercise.sorting.QuickSort.sortArray(QuickSort.java:63)
	at com.turingds.dsexercise.sorting.QuickSort.sortArray(QuickSort.java:63)
	at com.turingds.dsexercise.sorting.QuickSort.sortArray(QuickSort.java:63)
	at com.turingds.dsexercise.sorting.QuickSort.sortArray(QuickSort.java:63)
	at com.turingds.dsexercise.sorting.QuickSort.sortArray(QuickSort.java:63)
	at com.turingds.dsexercise.sorting.QuickSort.sortArray(QuickSort.java:63)
	at com.turingds.dsexercise.sorting.QuickSort.sortArray(QuickSort.java:63)
	at com.turingds.dsexercise.sorting.QuickSort.sortArray(QuickSort.java:63)
	at com.turingds.dsexercise.sorting.QuickSort.sortArray(QuickSort.java:63)
	at com.turingds.dsexercise.sorting.QuickSort.sortArray(QuickSort.java:63)
	at com.turingds.dsexercise.sorting.QuickSort.sortArray(QuickSort.java:63)
	at com.turingds.dsexercise.sorting.QuickSort.sortArray(QuickSort.java:63)
	at com.turingds.dsexercise.sorting.QuickSort.sortArray(QuickSort.java:63)
	at com.turingds.dsexercise.sorting.QuickSort.sortArray(QuickSort.java:63)
	at com.turingds.dsexercise.sorting.QuickSort.sortArray(QuickSort.java:63)
	at com.turingds.dsexercise.sorting.QuickSort.sortArray(QuickSort.java:63)
	at com.turingds.dsexercise.sorting.QuickSort.sortArray(QuickSort.java:63)
	at com.turingds.dsexercise.sorting.QuickSort.sortArray(QuickSort.java:63)
	at com.turingds.dsexercise.sorting.QuickSort.sortArray(QuickSort.java:63)
	at com.turingds.dsexercise.sorting.QuickSort.sortArray(QuickSort.java:63)
	at com.turingds.dsexercise.sorting.QuickSort.sortArray(QuickSort.java:63)
	at com.turingds.dsexercise.sorting.QuickSort.sortArray(QuickSort.java:63)
	at com.turingds.dsexercise.sorting.QuickSort.sortArray(QuickSort.java:63)
	at com.turingds.dsexercise.sorting.QuickSort.sortArray(QuickSort.java:63)
	at com.turingds.dsexercise.sorting.QuickSort.sortArray(QuickSort.java:63)
	at com.turingds.dsexercise.sorting.QuickSort.sortArray(QuickSort.java:63)
	at com.turingds.dsexercise.sorting.QuickSort.sortArray(QuickSort.java:63)
	at com.turingds.dsexercise.sorting.QuickSort.sortArray(QuickSort.java:63)
	at com.turingds.dsexercise.sorting.QuickSort.sortArray(QuickSort.java:63)
	at com.turingds.dsexercise.sorting.QuickSort.sortArray(QuickSort.java:63)
	at com.turingds.dsexercise.sorting.QuickSort.sortArray(QuickSort.java:63)
	at com.turingds.dsexercise.sorting.QuickSort.sortArray(QuickSort.java:63)
	at com.turingds.dsexercise.sorting.QuickSort.sortArray(QuickSort.java:63)
	at com.turingds.dsexercise.sorting.QuickSort.sortArray(QuickSort.java:63)
	at com.turingds.dsexercise.sorting.QuickSort.sortArray(QuickSort.java:63)
	at com.turingds.dsexercise.sorting.QuickSort.sortArray(QuickSort.java:63)
	at com.turingds.dsexercise.sorting.QuickSort.sortArray(QuickSort.java:63)
	at com.turingds.dsexercise.sorting.QuickSort.sortArray(QuickSort.java:63)
	at com.turingds.dsexercise.sorting.QuickSort.sortArray(QuickSort.java:63)
	at com.turingds.dsexercise.sorting.QuickSort.sortArray(QuickSort.java:63)
	at com.turingds.dsexercise.sorting.QuickSort.sortArray(QuickSort.java:63)
	at com.turingds.dsexercise.sorting.QuickSort.sortArray(QuickSort.java:63)
	at com.turingds.dsexercise.sorting.QuickSort.sortArray(QuickSort.java:63)
	at com.turingds.dsexercise.sorting.QuickSort.sortArray(QuickSort.java:63)
	at com.turingds.dsexercise.sorting.QuickSort.sortArray(QuickSort.java:63)
	at com.turingds.dsexercise.sorting.QuickSort.sortArray(QuickSort.java:63)
	at com.turingds.dsexercise.sorting.QuickSort.sortArray(QuickSort.java:63)
	at com.turingds.dsexercise.sorting.QuickSort.sortArray(QuickSort.java:63)
	at com.turingds.dsexercise.sorting.QuickSort.sortArray(QuickSort.java:63)
	at com.turingds.dsexercise.sorting.QuickSort.sortArray(QuickSort.java:63)
	at com.turingds.dsexercise.sorting.QuickSort.sortArray(QuickSort.java:63)
	at com.turingds.dsexercise.sorting.QuickSort.sortArray(QuickSort.java:63)
	at com.turingds.dsexercise.sorting.QuickSort.sortArray(QuickSort.java:63)
	at com.turingds.dsexercise.sorting.QuickSort.sortArray(QuickSort.java:63)
	at com.turingds.dsexercise.sorting.QuickSort.sortArray(QuickSort.java:63)
	at com.turingds.dsexercise.sorting.QuickSort.sortArray(QuickSort.java:63)
	at com.turingds.dsexercise.sorting.QuickSort.sortArray(QuickSort.java:63)
	at com.turingds.dsexercise.sorting.QuickSort.sortArray(QuickSort.java:63)
	at com.turingds.dsexercise.sorting.QuickSort.sortArray(QuickSort.java:63)
	at com.turingds.dsexercise.sorting.QuickSort.sortArray(QuickSort.java:63)
	at com.turingds.dsexercise.sorting.QuickSort.sortArray(QuickSort.java:63)
	at com.turingds.dsexercise.sorting.QuickSort.sortArray(QuickSort.java:63)
	at com.turingds.dsexercise.sorting.QuickSort.sortArray(QuickSort.java:63)
	at com.turingds.dsexercise.sorting.QuickSort.sortArray(QuickSort.java:63)
	at com.turingds.dsexercise.sorting.QuickSort.sortArray(QuickSort.java:63)
	at com.turingds.dsexercise.sorting.QuickSort.sortArray(QuickSort.java:63)
	at com.turingds.dsexercise.sorting.QuickSort.sortArray(QuickSort.java:63)
	at com.turingds.dsexercise.sorting.QuickSort.sortArray(QuickSort.java:63)
	at com.turingds.dsexercise.sorting.QuickSort.sortArray(QuickSort.java:63)
	at com.turingds.dsexercise.sorting.QuickSort.sortArray(QuickSort.java:63)
	at com.turingds.dsexercise.sorting.QuickSort.sortArray(QuickSort.java:63)
	at com.turingds.dsexercise.sorting.QuickSort.sortArray(QuickSort.java:63)
	at com.turingds.dsexercise.sorting.QuickSort.sortArray(QuickSort.java:63)
	at com.turingds.dsexercise.sorting.QuickSort.sortArray(QuickSort.java:63)
	at com.turingds.dsexercise.sorting.QuickSort.sortArray(QuickSort.java:63)
	at com.turingds.dsexercise.sorting.QuickSort.sortArray(QuickSort.java:63)
	at com.turingds.dsexercise.sorting.QuickSort.sortArray(QuickSort.java:63)
	at com.turingds.dsexercise.sorting.QuickSort.sortArray(QuickSort.java:63)
	at com.turingds.dsexercise.sorting.QuickSort.sortArray(QuickSort.java:63)
	at com.turingds.dsexercise.sorting.QuickSort.sortArray(QuickSort.java:63)
	at com.turingds.dsexercise.sorting.QuickSort.sortArray(QuickSort.java:63)
	at com.turingds.dsexercise.sorting.QuickSort.sortArray(QuickSort.java:63)
	at com.turingds.dsexercise.sorting.QuickSort.sortArray(QuickSort.java:63)
	at com.turingds.dsexercise.sorting.QuickSort.sortArray(QuickSort.java:63)
	at com.turingds.dsexercise.sorting.QuickSort.sortArray(QuickSort.java:63)
	at com.turingds.dsexercise.sorting.QuickSort.sortArray(QuickSort.java:63)
	at com.turingds.dsexercise.sorting.QuickSort.sortArray(QuickSort.java:63)
	at com.turingds.dsexercise.sorting.QuickSort.sortArray(QuickSort.java:63)
	at com.turingds.dsexercise.sorting.QuickSort.sortArray(QuickSort.java:63)
	at com.turingds.dsexercise.sorting.QuickSort.sortArray(QuickSort.java:63)
	at com.turingds.dsexercise.sorting.QuickSort.sortArray(QuickSort.java:63)
	at com.turingds.dsexercise.sorting.QuickSort.sortArray(QuickSort.java:63)
	at com.turingds.dsexercise.sorting.QuickSort.sortArray(QuickSort.java:63)
	at com.turingds.dsexercise.sorting.QuickSort.sortArray(QuickSort.java:63)
	at com.turingds.dsexercise.sorting.QuickSort.sortArray(QuickSort.java:63)
	at com.turingds.dsexercise.sorting.QuickSort.sortArray(QuickSort.java:63)
	at com.turingds.dsexercise.sorting.QuickSort.sortArray(QuickSort.java:63)
	at com.turingds.dsexercise.sorting.QuickSort.sortArray(QuickSort.java:63)
	at com.turingds.dsexercise.sorting.QuickSort.sortArray(QuickSort.java:63)
	at com.turingds.dsexercise.sorting.QuickSort.sortArray(QuickSort.java:63)
	at com.turingds.dsexercise.sorting.QuickSort.sortArray(QuickSort.java:63)
	at com.turingds.dsexercise.sorting.QuickSort.sortArray(QuickSort.java:63)
	at com.turingds.dsexercise.sorting.QuickSort.sortArray(QuickSort.java:63)
	at com.turingds.dsexercise.sorting.QuickSort.sortArray(QuickSort.java:63)
	at com.turingds.dsexercise.sorting.QuickSort.sortArray(QuickSort.java:63)
	at com.turingds.dsexercise.sorting.QuickSort.sortArray(QuickSort.java:63)
	at com.turingds.dsexercise.sorting.QuickSort.sortArray(QuickSort.java:63)
	at com.turingds.dsexercise.sorting.QuickSort.sortArray(QuickSort.java:63)
	at com.turingds.dsexercise.sorting.QuickSort.sortArray(QuickSort.java:63)
	at com.turingds.dsexercise.sorting.QuickSort.sortArray(QuickSort.java:63)
	at com.turingds.dsexercise.sorting.QuickSort.sortArray(QuickSort.java:63)
	at com.turingds.dsexercise.sorting.QuickSort.sortArray(QuickSort.java:63)
	at com.turingds.dsexercise.sorting.QuickSort.sortArray(QuickSort.java:63)
	at com.turingds.dsexercise.sorting.QuickSort.sortArray(QuickSort.java:63)
	at com.turingds.dsexercise.sorting.QuickSort.sortArray(QuickSort.java:63)
	at com.turingds.dsexercise.sorting.QuickSort.sortArray(QuickSort.java:63)
	at com.turingds.dsexercise.sorting.QuickSort.sortArray(QuickSort.java:63)
	at com.turingds.dsexercise.sorting.QuickSort.sortArray(QuickSort.java:63)
	at com.turingds.dsexercise.sorting.QuickSort.sortArray(QuickSort.java:63)
	at com.turingds.dsexercise.sorting.QuickSort.sortArray(QuickSort.java:63)
	at com.turingds.dsexercise.sorting.QuickSort.sortArray(QuickSort.java:63)
	at com.turingds.dsexercise.sorting.QuickSort.sortArray(QuickSort.java:63)
	at com.turingds.dsexercise.sorting.QuickSort.sortArray(QuickSort.java:63)
	at com.turingds.dsexercise.sorting.QuickSort.sortArray(QuickSort.java:63)
	at com.turingds.dsexercise.sorting.QuickSort.sortArray(QuickSort.java:63)
	at com.turingds.dsexercise.sorting.QuickSort.sortArray(QuickSort.java:63)
	at com.turingds.dsexercise.sorting.QuickSort.sortArray(QuickSort.java:63)
	at com.turingds.dsexercise.sorting.QuickSort.sortArray(QuickSort.java:63)
	at com.turingds.dsexercise.sorting.QuickSort.sortArray(QuickSort.java:63)
	at com.turingds.dsexercise.sorting.QuickSort.sortArray(QuickSort.java:63)
	at com.turingds.dsexercise.sorting.QuickSort.sortArray(QuickSort.java:63)
	at com.turingds.dsexercise.sorting.QuickSort.sortArray(QuickSort.java:63)
	at com.turingds.dsexercise.sorting.QuickSort.sortArray(QuickSort.java:63)
	at com.turingds.dsexercise.sorting.QuickSort.sortArray(QuickSort.java:63)
	at com.turingds.dsexercise.sorting.QuickSort.sortArray(QuickSort.java:63)
	at com.turingds.dsexercise.sorting.QuickSort.sortArray(QuickSort.java:63)
	at com.turingds.dsexercise.sorting.QuickSort.sortArray(QuickSort.java:63)
	at com.turingds.dsexercise.sorting.QuickSort.sortArray(QuickSort.java:63)
	at com.turingds.dsexercise.sorting.QuickSort.sortArray(QuickSort.java:63)
	at com.turingds.dsexercise.sorting.QuickSort.sortArray(QuickSort.java:63)
	at com.turingds.dsexercise.sorting.QuickSort.sortArray(QuickSort.java:63)
	at com.turingds.dsexercise.sorting.QuickSort.sortArray(QuickSort.java:63)
	at com.turingds.dsexercise.sorting.QuickSort.sortArray(QuickSort.java:63)
	at com.turingds.dsexercise.sorting.QuickSort.sortArray(QuickSort.java:63)
	at com.turingds.dsexercise.sorting.QuickSort.sortArray(QuickSort.java:63)
	at com.turingds.dsexercise.sorting.QuickSort.sortArray(QuickSort.java:63)
	at com.turingds.dsexercise.sorting.QuickSort.sortArray(QuickSort.java:63)
	at com.turingds.dsexercise.sorting.QuickSort.sortArray(QuickSort.java:63)
	at com.turingds.dsexercise.sorting.QuickSort.sortArray(QuickSort.java:63)
	at com.turingds.dsexercise.sorting.QuickSort.sortArray(QuickSort.java:63)
	at com.turingds.dsexercise.sorting.QuickSort.sortArray(QuickSort.java:63)
	at com.turingds.dsexercise.sorting.QuickSort.sortArray(QuickSort.java:63)
	at com.turingds.dsexercise.sorting.QuickSort.sortArray(QuickSort.java:63)
	at com.turingds.dsexercise.sorting.QuickSort.sortArray(QuickSort.java:63)
	at com.turingds.dsexercise.sorting.QuickSort.sortArray(QuickSort.java:63)
	at com.turingds.dsexercise.sorting.QuickSort.sortArray(QuickSort.java:63)
	at com.turingds.dsexercise.sorting.QuickSort.sortArray(QuickSort.java:63)
	at com.turingds.dsexercise.sorting.QuickSort.sortArray(QuickSort.java:63)
	at com.turingds.dsexercise.sorting.QuickSort.sortArray(QuickSort.java:63)
	at com.turingds.dsexercise.sorting.QuickSort.sortArray(QuickSort.java:63)
	at com.turingds.dsexercise.sorting.QuickSort.sortArray(QuickSort.java:63)
	at com.turingds.dsexercise.sorting.QuickSort.sortArray(QuickSort.java:63)
	at com.turingds.dsexercise.sorting.QuickSort.sortArray(QuickSort.java:63)
	at com.turingds.dsexercise.sorting.QuickSort.sortArray(QuickSort.java:63)
	at com.turingds.dsexercise.sorting.QuickSort.sortArray(QuickSort.java:63)
	at com.turingds.dsexercise.sorting.QuickSort.sortArray(QuickSort.java:63)
	at com.turingds.dsexercise.sorting.QuickSort.sortArray(QuickSort.java:63)
	at com.turingds.dsexercise.sorting.QuickSort.sortArray(QuickSort.java:63)
	at com.turingds.dsexercise.sorting.QuickSort.sortArray(QuickSort.java:63)
	at com.turingds.dsexercise.sorting.QuickSort.sortArray(QuickSort.java:63)
	at com.turingds.dsexercise.sorting.QuickSort.sortArray(QuickSort.java:63)
	at com.turingds.dsexercise.sorting.QuickSort.sortArray(QuickSort.java:63)
	at com.turingds.dsexercise.sorting.QuickSort.sortArray(QuickSort.java:63)
	at com.turingds.dsexercise.sorting.QuickSort.sortArray(QuickSort.java:63)
	at com.turingds.dsexercise.sorting.QuickSort.sortArray(QuickSort.java:63)
	at com.turingds.dsexercise.sorting.QuickSort.sortArray(QuickSort.java:63)
	at com.turingds.dsexercise.sorting.QuickSort.sortArray(QuickSort.java:63)
	at com.turingds.dsexercise.sorting.QuickSort.sortArray(QuickSort.java:63)
	at com.turingds.dsexercise.sorting.QuickSort.sortArray(QuickSort.java:63)
	at com.turingds.dsexercise.sorting.QuickSort.sortArray(QuickSort.java:63)
	at com.turingds.dsexercise.sorting.QuickSort.sortArray(QuickSort.java:63)
	at com.turingds.dsexercise.sorting.QuickSort.sortArray(QuickSort.java:63)
	at com.turingds.dsexercise.sorting.QuickSort.sortArray(QuickSort.java:63)
	at com.turingds.dsexercise.sorting.QuickSort.sortArray(QuickSort.java:63)
	at com.turingds.dsexercise.sorting.QuickSort.sortArray(QuickSort.java:63)
	at com.turingds.dsexercise.sorting.QuickSort.sortArray(QuickSort.java:63)
	at com.turingds.dsexercise.sorting.QuickSort.sortArray(QuickSort.java:63)
	at com.turingds.dsexercise.sorting.QuickSort.sortArray(QuickSort.java:63)
	at com.turingds.dsexercise.sorting.QuickSort.sortArray(QuickSort.java:63)
	at com.turingds.dsexercise.sorting.QuickSort.sortArray(QuickSort.java:63)
	at com.turingds.dsexercise.sorting.QuickSort.sortArray(QuickSort.java:63)
	at com.turingds.dsexercise.sorting.QuickSort.sortArray(QuickSort.java:63)
	at com.turingds.dsexercise.sorting.QuickSort.sortArray(QuickSort.java:63)
	at com.turingds.dsexercise.sorting.QuickSort.sortArray(QuickSort.java:63)
	at com.turingds.dsexercise.sorting.QuickSort.sortArray(QuickSort.java:63)
	at com.turingds.dsexercise.sorting.QuickSort.sortArray(QuickSort.java:63)
	at com.turingds.dsexercise.sorting.QuickSort.sortArray(QuickSort.java:63)
	at com.turingds.dsexercise.sorting.QuickSort.sortArray(QuickSort.java:63)
	at com.turingds.dsexercise.sorting.QuickSort.sortArray(QuickSort.java:63)
	at com.turingds.dsexercise.sorting.QuickSort.sortArray(QuickSort.java:63)
	at com.turingds.dsexercise.sorting.QuickSort.sortArray(QuickSort.java:63)
	at com.turingds.dsexercise.sorting.QuickSort.sortArray(QuickSort.java:63)
	at com.turingds.dsexercise.sorting.QuickSort.sortArray(QuickSort.java:63)
	at com.turingds.dsexercise.sorting.QuickSort.sortArray(QuickSort.java:63)
	at com.turingds.dsexercise.sorting.QuickSort.sortArray(QuickSort.java:63)
	at com.turingds.dsexercise.sorting.QuickSort.sortArray(QuickSort.java:63)
	at com.turingds.dsexercise.sorting.QuickSort.sortArray(QuickSort.java:63)
	at com.turingds.dsexercise.sorting.QuickSort.sortArray(QuickSort.java:63)
	at com.turingds.dsexercise.sorting.QuickSort.sortArray(QuickSort.java:63)
	at com.turingds.dsexercise.sorting.QuickSort.sortArray(QuickSort.java:63)
	at com.turingds.dsexercise.sorting.QuickSort.sortArray(QuickSort.java:63)
	at com.turingds.dsexercise.sorting.QuickSort.sortArray(QuickSort.java:63)
	at com.turingds.dsexercise.sorting.QuickSort.sortArray(QuickSort.java:63)
	at com.turingds.dsexercise.sorting.QuickSort.sortArray(QuickSort.java:63)
	at com.turingds.dsexercise.sorting.QuickSort.sortArray(QuickSort.java:63)
	at com.turingds.dsexercise.sorting.QuickSort.sortArray(QuickSort.java:63)
	at com.turingds.dsexercise.sorting.QuickSort.sortArray(QuickSort.java:63)
	at com.turingds.dsexercise.sorting.QuickSort.sortArray(QuickSort.java:63)
	at com.turingds.dsexercise.sorting.QuickSort.sortArray(QuickSort.java:63)
	at com.turingds.dsexercise.sorting.QuickSort.sortArray(QuickSort.java:63)
	at com.turingds.dsexercise.sorting.QuickSort.sortArray(QuickSort.java:63)
	at com.turingds.dsexercise.sorting.QuickSort.sortArray(QuickSort.java:63)
	at com.turingds.dsexercise.sorting.QuickSort.sortArray(QuickSort.java:63)
	at com.turingds.dsexercise.sorting.QuickSort.sortArray(QuickSort.java:63)
	at com.turingds.dsexercise.sorting.QuickSort.sortArray(QuickSort.java:63)
	at com.turingds.dsexercise.sorting.QuickSort.sortArray(QuickSort.java:63)
	at com.turingds.dsexercise.sorting.QuickSort.sortArray(QuickSort.java:63)
	at com.turingds.dsexercise.sorting.QuickSort.sortArray(QuickSort.java:63)
	at com.turingds.dsexercise.sorting.QuickSort.sortArray(QuickSort.java:63)
	at com.turingds.dsexercise.sorting.QuickSort.sortArray(QuickSort.java:63)
	at com.turingds.dsexercise.sorting.QuickSort.sortArray(QuickSort.java:63)
	at com.turingds.dsexercise.sorting.QuickSort.sortArray(QuickSort.java:63)
	at com.turingds.dsexercise.sorting.QuickSort.sortArray(QuickSort.java:63)
	at com.turingds.dsexercise.sorting.QuickSort.sortArray(QuickSort.java:63)
	at com.turingds.dsexercise.sorting.QuickSort.sortArray(QuickSort.java:63)
	at com.turingds.dsexercise.sorting.QuickSort.sortArray(QuickSort.java:63)
	at com.turingds.dsexercise.sorting.QuickSort.sortArray(QuickSort.java:63)
	at com.turingds.dsexercise.sorting.QuickSort.sortArray(QuickSort.java:63)
	at com.turingds.dsexercise.sorting.QuickSort.sortArray(QuickSort.java:63)
	at com.turingds.dsexercise.sorting.QuickSort.sortArray(QuickSort.java:63)
	at com.turingds.dsexercise.sorting.QuickSort.sortArray(QuickSort.java:63)
	at com.turingds.dsexercise.sorting.QuickSort.sortArray(QuickSort.java:63)
	at com.turingds.dsexercise.sorting.QuickSort.sortArray(QuickSort.java:63)
	at com.turingds.dsexercise.sorting.QuickSort.sortArray(QuickSort.java:63)
	at com.turingds.dsexercise.sorting.QuickSort.sortArray(QuickSort.java:63)
	at com.turingds.dsexercise.sorting.QuickSort.sortArray(QuickSort.java:63)
	at com.turingds.dsexercise.sorting.QuickSort.sortArray(QuickSort.java:63)
	at com.turingds.dsexercise.sorting.QuickSort.sortArray(QuickSort.java:63)
	at com.turingds.dsexercise.sorting.QuickSort.sortArray(QuickSort.java:63)
	at com.turingds.dsexercise.sorting.QuickSort.sortArray(QuickSort.java:63)
	at com.turingds.dsexercise.sorting.QuickSort.sortArray(QuickSort.java:63)
	at com.turingds.dsexercise.sorting.QuickSort.sortArray(QuickSort.java:63)
	at com.turingds.dsexercise.sorting.QuickSort.sortArray(QuickSort.java:63)
	at com.turingds.dsexercise.sorting.QuickSort.sortArray(QuickSort.java:63)
	at com.turingds.dsexercise.sorting.QuickSort.sortArray(QuickSort.java:63)
	at com.turingds.dsexercise.sorting.QuickSort.sortArray(QuickSort.java:63)
	at com.turingds.dsexercise.sorting.QuickSort.sortArray(QuickSort.java:63)
	at com.turingds.dsexercise.sorting.QuickSort.sortArray(QuickSort.java:63)
	at com.turingds.dsexercise.sorting.QuickSort.sortArray(QuickSort.java:63)
	at com.turingds.dsexercise.sorting.QuickSort.sortArray(QuickSort.java:63)
	at com.turingds.dsexercise.sorting.QuickSort.sortArray(QuickSort.java:63)
	at com.turingds.dsexercise.sorting.QuickSort.sortArray(QuickSort.java:63)
	at com.turingds.dsexercise.sorting.QuickSort.sortArray(QuickSort.java:63)
	at com.turingds.dsexercise.sorting.QuickSort.sortArray(QuickSort.java:63)
	at com.turingds.dsexercise.sorting.QuickSort.sortArray(QuickSort.java:63)
	at com.turingds.dsexercise.sorting.QuickSort.sortArray(QuickSort.java:63)
	at com.turingds.dsexercise.sorting.QuickSort.sortArray(QuickSort.java:63)
	at com.turingds.dsexercise.sorting.QuickSort.sortArray(QuickSort.java:63)
	at com.turingds.dsexercise.sorting.QuickSort.sortArray(QuickSort.java:63)
	at com.turingds.dsexercise.sorting.QuickSort.sortArray(QuickSort.java:63)
	at com.turingds.dsexercise.sorting.QuickSort.sortArray(QuickSort.java:63)
	at com.turingds.dsexercise.sorting.QuickSort.sortArray(QuickSort.java:63)
	at com.turingds.dsexercise.sorting.QuickSort.sortArray(QuickSort.java:63)
	at com.turingds.dsexercise.sorting.QuickSort.sortArray(QuickSort.java:63)
	at com.turingds.dsexercise.sorting.QuickSort.sortArray(QuickSort.java:63)
	at com.turingds.dsexercise.sorting.QuickSort.sortArray(QuickSort.java:63)
	at com.turingds.dsexercise.sorting.QuickSort.sortArray(QuickSort.java:63)
	at com.turingds.dsexercise.sorting.QuickSort.sortArray(QuickSort.java:63)
	at com.turingds.dsexercise.sorting.QuickSort.sortArray(QuickSort.java:63)
	at com.turingds.dsexercise.sorting.QuickSort.sortArray(QuickSort.java:63)
	at com.turingds.dsexercise.sorting.QuickSort.sortArray(QuickSort.java:63)
	at com.turingds.dsexercise.sorting.QuickSort.sortArray(QuickSort.java:63)
	at com.turingds.dsexercise.sorting.QuickSort.sortArray(QuickSort.java:63)
	at com.turingds.dsexercise.sorting.QuickSort.sortArray(QuickSort.java:63)
	at com.turingds.dsexercise.sorting.QuickSort.sortArray(QuickSort.java:63)
	at com.turingds.dsexercise.sorting.QuickSort.sortArray(QuickSort.java:63)
	at com.turingds.dsexercise.sorting.QuickSort.sortArray(QuickSort.java:63)
	at com.turingds.dsexercise.sorting.QuickSort.sortArray(QuickSort.java:63)
	at com.turingds.dsexercise.sorting.QuickSort.sortArray(QuickSort.java:63)
	at com.turingds.dsexercise.sorting.QuickSort.sortArray(QuickSort.java:63)
	at com.turingds.dsexercise.sorting.QuickSort.sortArray(QuickSort.java:63)
	at com.turingds.dsexercise.sorting.QuickSort.sortArray(QuickSort.java:63)
	at com.turingds.dsexercise.sorting.QuickSort.sortArray(QuickSort.java:63)
	at com.turingds.dsexercise.sorting.QuickSort.sortArray(QuickSort.java:63)
	at com.turingds.dsexercise.sorting.QuickSort.sortArray(QuickSort.java:63)
	at com.turingds.dsexercise.sorting.QuickSort.sortArray(QuickSort.java:63)
	at com.turingds.dsexercise.sorting.QuickSort.sortArray(QuickSort.java:63)
	at com.turingds.dsexercise.sorting.QuickSort.sortArray(QuickSort.java:63)
	at com.turingds.dsexercise.sorting.QuickSort.sortArray(QuickSort.java:63)
	at com.turingds.dsexercise.sorting.QuickSort.sortArray(QuickSort.java:63)
	at com.turingds.dsexercise.sorting.QuickSort.sortArray(QuickSort.java:63)
	at com.turingds.dsexercise.sorting.QuickSort.sortArray(QuickSort.java:63)
	at com.turingds.dsexercise.sorting.QuickSort.sortArray(QuickSort.java:63)
	at com.turingds.dsexercise.sorting.QuickSort.sortArray(QuickSort.java:63)
	at com.turingds.dsexercise.sorting.QuickSort.sortArray(QuickSort.java:63)
	at com.turingds.dsexercise.sorting.QuickSort.sortArray(QuickSort.java:63)
	at com.turingds.dsexercise.sorting.QuickSort.sortArray(QuickSort.java:63)
	at com.turingds.dsexercise.sorting.QuickSort.sortArray(QuickSort.java:63)
	at com.turingds.dsexercise.sorting.QuickSort.sortArray(QuickSort.java:63)
	at com.turingds.dsexercise.sorting.QuickSort.sortArray(QuickSort.java:63)
	at com.turingds.dsexercise.sorting.QuickSort.sortArray(QuickSort.java:63)
	at com.turingds.dsexercise.sorting.QuickSort.sortArray(QuickSort.java:63)
	at com.turingds.dsexercise.sorting.QuickSort.sortArray(QuickSort.java:63)
	at com.turingds.dsexercise.sorting.QuickSort.sortArray(QuickSort.java:63)
	at com.turingds.dsexercise.sorting.QuickSort.sortArray(QuickSort.java:63)
	at com.turingds.dsexercise.sorting.QuickSort.sortArray(QuickSort.java:63)
	at com.turingds.dsexercise.sorting.QuickSort.sortArray(QuickSort.java:63)
	at com.turingds.dsexercise.sorting.QuickSort.sortArray(QuickSort.java:63)
	at com.turingds.dsexercise.sorting.QuickSort.sortArray(QuickSort.java:63)
	at com.turingds.dsexercise.sorting.QuickSort.sortArray(QuickSort.java:63)
	at com.turingds.dsexercise.sorting.QuickSort.sortArray(QuickSort.java:63)
	at com.turingds.dsexercise.sorting.QuickSort.sortArray(QuickSort.java:63)
	at com.turingds.dsexercise.sorting.QuickSort.sortArray(QuickSort.java:63)
	at com.turingds.dsexercise.sorting.QuickSort.sortArray(QuickSort.java:63)
	at com.turingds.dsexercise.sorting.QuickSort.sortArray(QuickSort.java:63)
	at com.turingds.dsexercise.sorting.QuickSort.sortArray(QuickSort.java:63)
	at com.turingds.dsexercise.sorting.QuickSort.sortArray(QuickSort.java:63)
	at com.turingds.dsexercise.sorting.QuickSort.sortArray(QuickSort.java:63)
	at com.turingds.dsexercise.sorting.QuickSort.sortArray(QuickSort.java:63)
	at com.turingds.dsexercise.sorting.QuickSort.sortArray(QuickSort.java:63)
	at com.turingds.dsexercise.sorting.QuickSort.sortArray(QuickSort.java:63)
	at com.turingds.dsexercise.sorting.QuickSort.sortArray(QuickSort.java:63)
	at com.turingds.dsexercise.sorting.QuickSort.sortArray(QuickSort.java:63)
	at com.turingds.dsexercise.sorting.QuickSort.sortArray(QuickSort.java:63)
	at com.turingds.dsexercise.sorting.QuickSort.sortArray(QuickSort.java:63)
	at com.turingds.dsexercise.sorting.QuickSort.sortArray(QuickSort.java:63)
	at com.turingds.dsexercise.sorting.QuickSort.sortArray(QuickSort.java:63)
	at com.turingds.dsexercise.sorting.QuickSort.sortArray(QuickSort.java:63)
	at com.turingds.dsexercise.sorting.QuickSort.sortArray(QuickSort.java:63)
	at com.turingds.dsexercise.sorting.QuickSort.sortArray(QuickSort.java:63)
	at com.turingds.dsexercise.sorting.QuickSort.sortArray(QuickSort.java:63)
	at com.turingds.dsexercise.sorting.QuickSort.sortArray(QuickSort.java:63)
	at com.turingds.dsexercise.sorting.QuickSort.sortArray(QuickSort.java:63)
	at com.turingds.dsexercise.sorting.QuickSort.sortArray(QuickSort.java:63)
	at com.turingds.dsexercise.sorting.QuickSort.sortArray(QuickSort.java:63)
	at com.turingds.dsexercise.sorting.QuickSort.sortArray(QuickSort.java:63)
	at com.turingds.dsexercise.sorting.QuickSort.sortArray(QuickSort.java:63)
	at com.turingds.dsexercise.sorting.QuickSort.sortArray(QuickSort.java:63)
	at com.turingds.dsexercise.sorting.QuickSort.sortArray(QuickSort.java:63)
	at com.turingds.dsexercise.sorting.QuickSort.sortArray(QuickSort.java:63)
	at com.turingds.dsexercise.sorting.QuickSort.sortArray(QuickSort.java:63)
	at com.turingds.dsexercise.sorting.QuickSort.sortArray(QuickSort.java:63)
	at com.turingds.dsexercise.sorting.QuickSort.sortArray(QuickSort.java:63)
	at com.turingds.dsexercise.sorting.QuickSort.sortArray(QuickSort.java:63)
	at com.turingds.dsexercise.sorting.QuickSort.sortArray(QuickSort.java:63)
	at com.turingds.dsexercise.sorting.QuickSort.sortArray(QuickSort.java:63)
	at com.turingds.dsexercise.sorting.QuickSort.sortArray(QuickSort.java:63)
	at com.turingds.dsexercise.sorting.QuickSort.sortArray(QuickSort.java:63)
	at com.turingds.dsexercise.sorting.QuickSort.sortArray(QuickSort.java:63)
	at com.turingds.dsexercise.sorting.QuickSort.sortArray(QuickSort.java:63)
	at com.turingds.dsexercise.sorting.QuickSort.sortArray(QuickSort.java:63)
	at com.turingds.dsexercise.sorting.QuickSort.sortArray(QuickSort.java:63)
	at com.turingds.dsexercise.sorting.QuickSort.sortArray(QuickSort.java:63)
	at com.turingds.dsexercise.sorting.QuickSort.sortArray(QuickSort.java:63)
	at com.turingds.dsexercise.sorting.QuickSort.sortArray(QuickSort.java:63)
	at com.turingds.dsexercise.sorting.QuickSort.sortArray(QuickSort.java:63)
	at com.turingds.dsexercise.sorting.QuickSort.sortArray(QuickSort.java:63)
	at com.turingds.dsexercise.sorting.QuickSort.sortArray(QuickSort.java:63)
	at com.turingds.dsexercise.sorting.QuickSort.sortArray(QuickSort.java:63)
	at com.turingds.dsexercise.sorting.QuickSort.sortArray(QuickSort.java:63)
	at com.turingds.dsexercise.sorting.QuickSort.sortArray(QuickSort.java:63)
	at com.turingds.dsexercise.sorting.QuickSort.sortArray(QuickSort.java:63)
	at com.turingds.dsexercise.sorting.QuickSort.sortArray(QuickSort.java:63)
	at com.turingds.dsexercise.sorting.QuickSort.sortArray(QuickSort.java:63)
	at com.turingds.dsexercise.sorting.QuickSort.sortArray(QuickSort.java:63)
	at com.turingds.dsexercise.sorting.QuickSort.sortArray(QuickSort.java:63)
	at com.turingds.dsexercise.sorting.QuickSort.sortArray(QuickSort.java:63)
	at com.turingds.dsexercise.sorting.QuickSort.sortArray(QuickSort.java:63)
	at com.turingds.dsexercise.sorting.QuickSort.sortArray(QuickSort.java:63)
	at com.turingds.dsexercise.sorting.QuickSort.sortArray(QuickSort.java:63)
	at com.turingds.dsexercise.sorting.QuickSort.sortArray(QuickSort.java:63)
	at com.turingds.dsexercise.sorting.QuickSort.sortArray(QuickSort.java:63)
	at com.turingds.dsexercise.sorting.QuickSort.sortArray(QuickSort.java:63)
	at com.turingds.dsexercise.sorting.QuickSort.sortArray(QuickSort.java:63)
	at com.turingds.dsexercise.sorting.QuickSort.sortArray(QuickSort.java:63)
	at com.turingds.dsexercise.sorting.QuickSort.sortArray(QuickSort.java:63)
	at com.turingds.dsexercise.sorting.QuickSort.sortArray(QuickSort.java:63)
	at com.turingds.dsexercise.sorting.QuickSort.sortArray(QuickSort.java:63)
	at com.turingds.dsexercise.sorting.QuickSort.sortArray(QuickSort.java:63)
	at com.turingds.dsexercise.sorting.QuickSort.sortArray(QuickSort.java:63)
	at com.turingds.dsexercise.sorting.QuickSort.sortArray(QuickSort.java:63)
	at com.turingds.dsexercise.sorting.QuickSort.sortArray(QuickSort.java:63)
	at com.turingds.dsexercise.sorting.QuickSort.sortArray(QuickSort.java:63)
	at com.turingds.dsexercise.sorting.QuickSort.sortArray(QuickSort.java:63)
	at com.turingds.dsexercise.sorting.QuickSort.sortArray(QuickSort.java:63)
	at com.turingds.dsexercise.sorting.QuickSort.sortArray(QuickSort.java:63)
	at com.turingds.dsexercise.sorting.QuickSort.sortArray(QuickSort.java:63)
	at com.turingds.dsexercise.sorting.QuickSort.sortArray(QuickSort.java:63)
	at com.turingds.dsexercise.sorting.QuickSort.sortArray(QuickSort.java:63)
	at com.turingds.dsexercise.sorting.QuickSort.sortArray(QuickSort.java:63)
	at com.turingds.dsexercise.sorting.QuickSort.sortArray(QuickSort.java:63)
	at com.turingds.dsexercise.sorting.QuickSort.sortArray(QuickSort.java:63)
	at com.turingds.dsexercise.sorting.QuickSort.sortArray(QuickSort.java:63)
	at com.turingds.dsexercise.sorting.QuickSort.sortArray(QuickSort.java:63)
	at com.turingds.dsexercise.sorting.QuickSort.sortArray(QuickSort.java:63)
	at com.turingds.dsexercise.sorting.QuickSort.sortArray(QuickSort.java:63)
	at com.turingds.dsexercise.sorting.QuickSort.sortArray(QuickSort.java:63)
	at com.turingds.dsexercise.sorting.QuickSort.sortArray(QuickSort.java:63)
	at com.turingds.dsexercise.sorting.QuickSort.sortArray(QuickSort.java:63)
	at com.turingds.dsexercise.sorting.QuickSort.sortArray(QuickSort.java:63)
	at com.turingds.dsexercise.sorting.QuickSort.sortArray(QuickSort.java:63)
	at com.turingds.dsexercise.sorting.QuickSort.sortArray(QuickSort.java:63)
	at com.turingds.dsexercise.sorting.QuickSort.sortArray(QuickSort.java:63)
	at com.turingds.dsexercise.sorting.QuickSort.sortArray(QuickSort.java:63)
	at com.turingds.dsexercise.sorting.QuickSort.sortArray(QuickSort.java:63)
	at com.turingds.dsexercise.sorting.QuickSort.sortArray(QuickSort.java:63)
	at com.turingds.dsexercise.sorting.QuickSort.sortArray(QuickSort.java:63)
	at com.turingds.dsexercise.sorting.QuickSort.sortArray(QuickSort.java:63)
	at com.turingds.dsexercise.sorting.QuickSort.sortArray(QuickSort.java:63)
	at com.turingds.dsexercise.sorting.QuickSort.sortArray(QuickSort.java:63)
	at com.turingds.dsexercise.sorting.QuickSort.sortArray(QuickSort.java:63)
	at com.turingds.dsexercise.sorting.QuickSort.sortArray(QuickSort.java:63)
	at com.turingds.dsexercise.sorting.QuickSort.sortArray(QuickSort.java:63)
	at com.turingds.dsexercise.sorting.QuickSort.sortArray(QuickSort.java:63)
	at com.turingds.dsexercise.sorting.QuickSort.sortArray(QuickSort.java:63)
	at com.turingds.dsexercise.sorting.QuickSort.sortArray(QuickSort.java:63)
	at com.turingds.dsexercise.sorting.QuickSort.sortArray(QuickSort.java:63)
	at com.turingds.dsexercise.sorting.QuickSort.sortArray(QuickSort.java:63)
	at com.turingds.dsexercise.sorting.QuickSort.sortArray(QuickSort.java:63)
	at com.turingds.dsexercise.sorting.QuickSort.sortArray(QuickSort.java:63)
	at com.turingds.dsexercise.sorting.QuickSort.sortArray(QuickSort.java:63)
	at com.turingds.dsexercise.sorting.QuickSort.sortArray(QuickSort.java:63)
	at com.turingds.dsexercise.sorting.QuickSort.sortArray(QuickSort.java:63)
	at com.turingds.dsexercise.sorting.QuickSort.sortArray(QuickSort.java:63)
	at com.turingds.dsexercise.sorting.QuickSort.sortArray(QuickSort.java:63)
	at com.turingds.dsexercise.sorting.QuickSort.sortArray(QuickSort.java:63)
	at com.turingds.dsexercise.sorting.QuickSort.sortArray(QuickSort.java:63)
	at com.turingds.dsexercise.sorting.QuickSort.sortArray(QuickSort.java:63)
	at com.turingds.dsexercise.sorting.QuickSort.sortArray(QuickSort.java:63)
	at com.turingds.dsexercise.sorting.QuickSort.sortArray(QuickSort.java:63)
	at com.turingds.dsexercise.sorting.QuickSort.sortArray(QuickSort.java:63)
	at com.turingds.dsexercise.sorting.QuickSort.sortArray(QuickSort.java:63)
	at com.turingds.dsexercise.sorting.QuickSort.sortArray(QuickSort.java:63)
	at com.turingds.dsexercise.sorting.QuickSort.sortArray(QuickSort.java:63)
	at com.turingds.dsexercise.sorting.QuickSort.sortArray(QuickSort.java:63)
	at com.turingds.dsexercise.sorting.QuickSort.sortArray(QuickSort.java:63)
	at com.turingds.dsexercise.sorting.QuickSort.sortArray(QuickSort.java:63)
	at com.turingds.dsexercise.sorting.QuickSort.sortArray(QuickSort.java:63)
	at com.turingds.dsexercise.sorting.QuickSort.sortArray(QuickSort.java:63)
	at com.turingds.dsexercise.sorting.QuickSort.sortArray(QuickSort.java:63)
	at com.turingds.dsexercise.sorting.QuickSort.sortArray(QuickSort.java:63)
	at com.turingds.dsexercise.sorting.QuickSort.sortArray(QuickSort.java:63)
	at com.turingds.dsexercise.sorting.QuickSort.sortArray(QuickSort.java:63)
	at com.turingds.dsexercise.sorting.QuickSort.sortArray(QuickSort.java:63)
	at com.turingds.dsexercise.sorting.QuickSort.sortArray(QuickSort.java:63)
	at com.turingds.dsexercise.sorting.QuickSort.sortArray(QuickSort.java:63)
	at com.turingds.dsexercise.sorting.QuickSort.sortArray(QuickSort.java:63)
	at com.turingds.dsexercise.sorting.QuickSort.sortArray(QuickSort.java:63)
	at com.turingds.dsexercise.sorting.QuickSort.sortArray(QuickSort.java:63)
	at com.turingds.dsexercise.sorting.QuickSort.sortArray(QuickSort.java:63)
	at com.turingds.dsexercise.sorting.QuickSort.sortArray(QuickSort.java:63)
	at com.turingds.dsexercise.sorting.QuickSort.sortArray(QuickSort.java:63)
	at com.turingds.dsexercise.sorting.QuickSort.sortArray(QuickSort.java:63)
	at com.turingds.dsexercise.sorting.QuickSort.sortArray(QuickSort.java:63)
	at com.turingds.dsexercise.sorting.QuickSort.sortArray(QuickSort.java:63)
	at com.turingds.dsexercise.sorting.QuickSort.sortArray(QuickSort.java:63)
	at com.turingds.dsexercise.sorting.QuickSort.sortArray(QuickSort.java:63)
	at com.turingds.dsexercise.sorting.QuickSort.sortArray(QuickSort.java:63)
	at com.turingds.dsexercise.sorting.QuickSort.sortArray(QuickSort.java:63)
	at com.turingds.dsexercise.sorting.QuickSort.sortArray(QuickSort.java:63)
	at com.turingds.dsexercise.sorting.QuickSort.sortArray(QuickSort.java:63)
	at com.turingds.dsexercise.sorting.QuickSort.sortArray(QuickSort.java:63)
	at com.turingds.dsexercise.sorting.QuickSort.sortArray(QuickSort.java:63)
	at com.turingds.dsexercise.sorting.QuickSort.sortArray(QuickSort.java:63)
	at com.turingds.dsexercise.sorting.QuickSort.sortArray(QuickSort.java:63)
	at com.turingds.dsexercise.sorting.QuickSort.sortArray(QuickSort.java:63)
	at com.turingds.dsexercise.sorting.QuickSort.sortArray(QuickSort.java:63)
	at com.turingds.dsexercise.sorting.QuickSort.sortArray(QuickSort.java:63)
	at com.turingds.dsexercise.sorting.QuickSort.sortArray(QuickSort.java:63)
	at com.turingds.dsexercise.sorting.QuickSort.sortArray(QuickSort.java:63)
	at com.turingds.dsexercise.sorting.QuickSort.sortArray(QuickSort.java:63)
	at com.turingds.dsexercise.sorting.QuickSort.sortArray(QuickSort.java:63)
	at com.turingds.dsexercise.sorting.QuickSort.sortArray(QuickSort.java:63)
	at com.turingds.dsexercise.sorting.QuickSort.sortArray(QuickSort.java:63)
	at com.turingds.dsexercise.sorting.QuickSort.sortArray(QuickSort.java:63)
	at com.turingds.dsexercise.sorting.QuickSort.sortArray(QuickSort.java:63)
	at com.turingds.dsexercise.sorting.QuickSort.sortArray(QuickSort.java:63)
	at com.turingds.dsexercise.sorting.QuickSort.sortArray(QuickSort.java:63)
	at com.turingds.dsexercise.sorting.QuickSort.sortArray(QuickSort.java:63)
	at com.turingds.dsexercise.sorting.QuickSort.sortArray(QuickSort.java:63)
	at com.turingds.dsexercise.sorting.QuickSort.sortArray(QuickSort.java:63)
	at com.turingds.dsexercise.sorting.QuickSort.sortArray(QuickSort.java:63)
	at com.turingds.dsexercise.sorting.QuickSort.sortArray(QuickSort.java:63)
	at com.turingds.dsexercise.sorting.QuickSort.sortArray(QuickSort.java:63)
	at com.turingds.dsexercise.sorting.QuickSort.sortArray(QuickSort.java:63)
	at com.turingds.dsexercise.sorting.QuickSort.sortArray(QuickSort.java:63)
	at com.turingds.dsexercise.sorting.QuickSort.sortArray(QuickSort.java:63)
	at com.turingds.dsexercise.sorting.QuickSort.sortArray(QuickSort.java:63)
	at com.turingds.dsexercise.sorting.QuickSort.sortArray(QuickSort.java:63)
	at com.turingds.dsexercise.sorting.QuickSort.sortArray(QuickSort.java:63)
	at com.turingds.dsexercise.sorting.QuickSort.sortArray(QuickSort.java:63)
	at com.turingds.dsexercise.sorting.QuickSort.sortArray(QuickSort.java:63)
	at com.turingds.dsexercise.sorting.QuickSort.sortArray(QuickSort.java:63)
	at com.turingds.dsexercise.sorting.QuickSort.sortArray(QuickSort.java:63)
	at com.turingds.dsexercise.sorting.QuickSort.sortArray(QuickSort.java:63)
	at com.turingds.dsexercise.sorting.QuickSort.sortArray(QuickSort.java:63)
	at com.turingds.dsexercise.sorting.QuickSort.sortArray(QuickSort.java:63)
	at com.turingds.dsexercise.sorting.QuickSort.sortArray(QuickSort.java:63)
	at com.turingds.dsexercise.sorting.QuickSort.sortArray(QuickSort.java:63)
	at com.turingds.dsexercise.sorting.QuickSort.sortArray(QuickSort.java:63)
	at com.turingds.dsexercise.sorting.QuickSort.sortArray(QuickSort.java:63)
	at com.turingds.dsexercise.sorting.QuickSort.sortArray(QuickSort.java:63)
	at com.turingds.dsexercise.sorting.QuickSort.sortArray(QuickSort.java:63)
	at com.turingds.dsexercise.sorting.QuickSort.sortArray(QuickSort.java:63)
	at com.turingds.dsexercise.sorting.QuickSort.sortArray(QuickSort.java:63)
	at com.turingds.dsexercise.sorting.QuickSort.sortArray(QuickSort.java:63)
	at com.turingds.dsexercise.sorting.QuickSort.sortArray(QuickSort.java:63)
	at com.turingds.dsexercise.sorting.QuickSort.sortArray(QuickSort.java:63)
	at com.turingds.dsexercise.sorting.QuickSort.sortArray(QuickSort.java:63)
	at com.turingds.dsexercise.sorting.QuickSort.sortArray(QuickSort.java:63)
	at com.turingds.dsexercise.sorting.QuickSort.sortArray(QuickSort.java:63)
	at com.turingds.dsexercise.sorting.QuickSort.sortArray(QuickSort.java:63)
	at com.turingds.dsexercise.sorting.QuickSort.sortArray(QuickSort.java:63)
	at com.turingds.dsexercise.sorting.QuickSort.sortArray(QuickSort.java:63)
	at com.turingds.dsexercise.sorting.QuickSort.sortArray(QuickSort.java:63)
	at com.turingds.dsexercise.sorting.QuickSort.sortArray(QuickSort.java:63)
	at com.turingds.dsexercise.sorting.QuickSort.sortArray(QuickSort.java:63)
	at com.turingds.dsexercise.sorting.QuickSort.sortArray(QuickSort.java:63)
	at com.turingds.dsexercise.sorting.QuickSort.sortArray(QuickSort.java:63)
	at com.turingds.dsexercise.sorting.QuickSort.sortArray(QuickSort.java:63)
	at com.turingds.dsexercise.sorting.QuickSort.sortArray(QuickSort.java:63)
	at com.turingds.dsexercise.sorting.QuickSort.sortArray(QuickSort.java:63)
	at com.turingds.dsexercise.sorting.QuickSort.sortArray(QuickSort.java:63)
	at com.turingds.dsexercise.sorting.QuickSort.sortArray(QuickSort.java:63)
	at com.turingds.dsexercise.sorting.QuickSort.sortArray(QuickSort.java:63)
	at com.turingds.dsexercise.sorting.QuickSort.sortArray(QuickSort.java:63)
	at com.turingds.dsexercise.sorting.QuickSort.sortArray(QuickSort.java:63)
	at com.turingds.dsexercise.sorting.QuickSort.sortArray(QuickSort.java:63)
	at com.turingds.dsexercise.sorting.QuickSort.sortArray(QuickSort.java:63)
	at com.turingds.dsexercise.sorting.QuickSort.sortArray(QuickSort.java:63)
	at com.turingds.dsexercise.sorting.QuickSort.sortArray(QuickSort.java:63)
	at com.turingds.dsexercise.sorting.QuickSort.sortArray(QuickSort.java:63)
	at com.turingds.dsexercise.sorting.QuickSort.sortArray(QuickSort.java:63)
	at com.turingds.dsexercise.sorting.QuickSort.sortArray(QuickSort.java:63)
	at com.turingds.dsexercise.sorting.QuickSort.sortArray(QuickSort.java:63)
	at com.turingds.dsexercise.sorting.QuickSort.sortArray(QuickSort.java:63)
	at com.turingds.dsexercise.sorting.QuickSort.sortArray(QuickSort.java:63)
	at com.turingds.dsexercise.sorting.QuickSort.sortArray(QuickSort.java:63)
	at com.turingds.dsexercise.sorting.QuickSort.sortArray(QuickSort.java:63)
	at com.turingds.dsexercise.sorting.QuickSort.sortArray(QuickSort.java:63)
	at com.turingds.dsexercise.sorting.QuickSort.sortArray(QuickSort.java:63)
	at com.turingds.dsexercise.sorting.QuickSort.sortArray(QuickSort.java:63)
	at com.turingds.dsexercise.sorting.QuickSort.sortArray(QuickSort.java:63)
	at com.turingds.dsexercise.sorting.QuickSort.sortArray(QuickSort.java:63)
	at com.turingds.dsexercise.sorting.QuickSort.sortArray(QuickSort.java:63)
	at com.turingds.dsexercise.sorting.QuickSort.sortArray(QuickSort.java:63)
	at com.turingds.dsexercise.sorting.QuickSort.sortArray(QuickSort.java:63)
	at com.turingds.dsexercise.sorting.QuickSort.sortArray(QuickSort.java:63)
	at com.turingds.dsexercise.sorting.QuickSort.sortArray(QuickSort.java:63)
	at com.turingds.dsexercise.sorting.QuickSort.sortArray(QuickSort.java:63)
	at com.turingds.dsexercise.sorting.QuickSort.sortArray(QuickSort.java:63)
	at com.turingds.dsexercise.sorting.QuickSort.sortArray(QuickSort.java:63)
	at com.turingds.dsexercise.sorting.QuickSort.sortArray(QuickSort.java:63)
	at com.turingds.dsexercise.sorting.QuickSort.sortArray(QuickSort.java:63)
	at com.turingds.dsexercise.sorting.QuickSort.sortArray(QuickSort.java:63)
	at com.turingds.dsexercise.sorting.QuickSort.sortArray(QuickSort.java:63)
	at com.turingds.dsexercise.sorting.QuickSort.sortArray(QuickSort.java:63)
	at com.turingds.dsexercise.sorting.QuickSort.sortArray(QuickSort.java:63)
	at com.turingds.dsexercise.sorting.QuickSort.sortArray(QuickSort.java:63)
	at com.turingds.dsexercise.sorting.QuickSort.sortArray(QuickSort.java:63)
	at com.turingds.dsexercise.sorting.QuickSort.sortArray(QuickSort.java:63)
	at com.turingds.dsexercise.sorting.QuickSort.sortArray(QuickSort.java:63)
	at com.turingds.dsexercise.sorting.QuickSort.sortArray(QuickSort.java:63)
	at com.turingds.dsexercise.sorting.QuickSort.sortArray(QuickSort.java:63)
	at com.turingds.dsexercise.sorting.QuickSort.sortArray(QuickSort.java:63)
	at com.turingds.dsexercise.sorting.QuickSort.sortArray(QuickSort.java:63)
	at com.turingds.dsexercise.sorting.QuickSort.sortArray(QuickSort.java:63)
	at com.turingds.dsexercise.sorting.QuickSort.sortArray(QuickSort.java:63)
	at com.turingds.dsexercise.sorting.QuickSort.sortArray(QuickSort.java:63)
	at com.turingds.dsexercise.sorting.QuickSort.sortArray(QuickSort.java:63)
	at com.turingds.dsexercise.sorting.QuickSort.sortArray(QuickSort.java:63)
	at com.turingds.dsexercise.sorting.QuickSort.sortArray(QuickSort.java:63)
	at com.turingds.dsexercise.sorting.QuickSort.sortArray(QuickSort.java:63)
	at com.turingds.dsexercise.sorting.QuickSort.sortArray(QuickSort.java:63)
	at com.turingds.dsexercise.sorting.QuickSort.sortArray(QuickSort.java:63)
	at com.turingds.dsexercise.sorting.QuickSort.sortArray(QuickSort.java:63)
	at com.turingds.dsexercise.sorting.QuickSort.sortArray(QuickSort.java:63)
	at com.turingds.dsexercise.sorting.QuickSort.sortArray(QuickSort.java:63)
	at com.turingds.dsexercise.sorting.QuickSort.sortArray(QuickSort.java:63)
	at com.turingds.dsexercise.sorting.QuickSort.sortArray(QuickSort.java:63)
	at com.turingds.dsexercise.sorting.QuickSort.sortArray(QuickSort.java:63)
	at com.turingds.dsexercise.sorting.QuickSort.sortArray(QuickSort.java:63)
	at com.turingds.dsexercise.sorting.QuickSort.sortArray(QuickSort.java:63)
	at com.turingds.dsexercise.sorting.QuickSort.sortArray(QuickSort.java:63)
	at com.turingds.dsexercise.sorting.QuickSort.sortArray(QuickSort.java:63)
	at com.turingds.dsexercise.sorting.QuickSort.sortArray(QuickSort.java:63)
	at com.turingds.dsexercise.sorting.QuickSort.sortArray(QuickSort.java:63)
	at com.turingds.dsexercise.sorting.QuickSort.sortArray(QuickSort.java:63)
	at com.turingds.dsexercise.sorting.QuickSort.sortArray(QuickSort.java:63)
	at com.turingds.dsexercise.sorting.QuickSort.sortArray(QuickSort.java:63)
	at com.turingds.dsexercise.sorting.QuickSort.sortArray(QuickSort.java:63)
	at com.turingds.dsexercise.sorting.QuickSort.sortArray(QuickSort.java:63)
	at com.turingds.dsexercise.sorting.QuickSort.sortArray(QuickSort.java:63)
	at com.turingds.dsexercise.sorting.QuickSort.sortArray(QuickSort.java:63)
	at com.turingds.dsexercise.sorting.QuickSort.sortArray(QuickSort.java:63)
	at com.turingds.dsexercise.sorting.QuickSort.sortArray(QuickSort.java:63)
	at com.turingds.dsexercise.sorting.QuickSort.sortArray(QuickSort.java:63)
	at com.turingds.dsexercise.sorting.QuickSort.sortArray(QuickSort.java:63)
	at com.turingds.dsexercise.sorting.QuickSort.sortArray(QuickSort.java:63)
	at com.turingds.dsexercise.sorting.QuickSort.sortArray(QuickSort.java:63)
	at com.turingds.dsexercise.sorting.QuickSort.sortArray(QuickSort.java:63)
	at com.turingds.dsexercise.sorting.QuickSort.sortArray(QuickSort.java:63)
	at com.turingds.dsexercise.sorting.QuickSort.sortArray(QuickSort.java:63)
	at com.turingds.dsexercise.sorting.QuickSort.sortArray(QuickSort.java:63)
	at com.turingds.dsexercise.sorting.QuickSort.sortArray(QuickSort.java:63)
	at com.turingds.dsexercise.sorting.QuickSort.sortArray(QuickSort.java:63)
	at com.turingds.dsexercise.sorting.QuickSort.sortArray(QuickSort.java:63)
	at com.turingds.dsexercise.sorting.QuickSort.sortArray(QuickSort.java:63)
	at com.turingds.dsexercise.sorting.QuickSort.sortArray(QuickSort.java:63)
	at com.turingds.dsexercise.sorting.QuickSort.sortArray(QuickSort.java:63)
	at com.turingds.dsexercise.sorting.QuickSort.sortArray(QuickSort.java:63)
	at com.turingds.dsexercise.sorting.QuickSort.sortArray(QuickSort.java:63)
	at com.turingds.dsexercise.sorting.QuickSort.sortArray(QuickSort.java:63)
	at com.turingds.dsexercise.sorting.QuickSort.sortArray(QuickSort.java:63)
	at com.turingds.dsexercise.sorting.QuickSort.sortArray(QuickSort.java:63)
	at com.turingds.dsexercise.sorting.QuickSort.sortArray(QuickSort.java:63)
	at com.turingds.dsexercise.sorting.QuickSort.sortArray(QuickSort.java:63)
	at com.turingds.dsexercise.sorting.QuickSort.sortArray(QuickSort.java:63)
	at com.turingds.dsexercise.sorting.QuickSort.sortArray(QuickSort.java:63)
	at com.turingds.dsexercise.sorting.QuickSort.sortArray(QuickSort.java:63)
	at com.turingds.dsexercise.sorting.QuickSort.sortArray(QuickSort.java:63)
	at com.turingds.dsexercise.sorting.QuickSort.sortArray(QuickSort.java:63)
	at com.turingds.dsexercise.sorting.QuickSort.sortArray(QuickSort.java:63)
	at com.turingds.dsexercise.sorting.QuickSort.sortArray(QuickSort.java:63)
	at com.turingds.dsexercise.sorting.QuickSort.sortArray(QuickSort.java:63)
	at com.turingds.dsexercise.sorting.QuickSort.sortArray(QuickSort.java:63)
	at com.turingds.dsexercise.sorting.QuickSort.sortArray(QuickSort.java:63)
	at com.turingds.dsexercise.sorting.QuickSort.sortArray(QuickSort.java:63)
	at com.turingds.dsexercise.sorting.QuickSort.sortArray(QuickSort.java:63)
	at com.turingds.dsexercise.sorting.QuickSort.sortArray(QuickSort.java:63)
	at com.turingds.dsexercise.sorting.QuickSort.sortArray(QuickSort.java:63)
	at com.turingds.dsexercise.sorting.QuickSort.sortArray(QuickSort.java:63)
	at com.turingds.dsexercise.sorting.QuickSort.sortArray(QuickSort.java:63)
	at com.turingds.dsexercise.sorting.QuickSort.sortArray(QuickSort.java:63)
	at com.turingds.dsexercise.sorting.QuickSort.sortArray(QuickSort.java:63)
	at com.turingds.dsexercise.sorting.QuickSort.sortArray(QuickSort.java:63)
	at com.turingds.dsexercise.sorting.QuickSort.sortArray(QuickSort.java:63)
	at com.turingds.dsexercise.sorting.QuickSort.sortArray(QuickSort.java:63)
	at com.turingds.dsexercise.sorting.QuickSort.sortArray(QuickSort.java:63)
	at com.turingds.dsexercise.sorting.QuickSort.sortArray(QuickSort.java:63)
	at com.turingds.dsexercise.sorting.QuickSort.sortArray(QuickSort.java:63)
	at com.turingds.dsexercise.sorting.QuickSort.sortArray(QuickSort.java:63)
	at com.turingds.dsexercise.sorting.QuickSort.sortArray(QuickSort.java:63)
	at com.turingds.dsexercise.sorting.QuickSort.sortArray(QuickSort.java:63)
	at com.turingds.dsexercise.sorting.QuickSort.sortArray(QuickSort.java:63)
	at com.turingds.dsexercise.sorting.QuickSort.sortArray(QuickSort.java:63)
	at com.turingds.dsexercise.sorting.QuickSort.sortArray(QuickSort.java:63)
	at com.turingds.dsexercise.sorting.QuickSort.sortArray(QuickSort.java:63)
	at com.turingds.dsexercise.sorting.QuickSort.sortArray(QuickSort.java:63)
	at com.turingds.dsexercise.sorting.QuickSort.sortArray(QuickSort.java:63)
	at com.turingds.dsexercise.sorting.QuickSort.sortArray(QuickSort.java:63)
	at com.turingds.dsexercise.sorting.QuickSort.sortArray(QuickSort.java:63)
	at com.turingds.dsexercise.sorting.QuickSort.sortArray(QuickSort.java:63)
	at com.turingds.dsexercise.sorting.QuickSort.sortArray(QuickSort.java:63)
	at com.turingds.dsexercise.sorting.QuickSort.sortArray(QuickSort.java:63)
	at com.turingds.dsexercise.sorting.QuickSort.sortArray(QuickSort.java:63)
	at com.turingds.dsexercise.sorting.QuickSort.sortArray(QuickSort.java:63)
	at com.turingds.dsexercise.sorting.QuickSort.sortArray(QuickSort.java:63)
	at com.turingds.dsexercise.sorting.QuickSort.sortArray(QuickSort.java:63)
	at com.turingds.dsexercise.sorting.QuickSort.sortArray(QuickSort.java:63)
	at com.turingds.dsexercise.sorting.QuickSort.sortArray(QuickSort.java:63)
	at com.turingds.dsexercise.sorting.QuickSort.sortArray(QuickSort.java:63)
	at com.turingds.dsexercise.sorting.QuickSort.sortArray(QuickSort.java:63)
	at com.turingds.dsexercise.sorting.QuickSort.sortArray(QuickSort.java:63)
	at com.turingds.dsexercise.sorting.QuickSort.sortArray(QuickSort.java:63)
	at com.turingds.dsexercise.sorting.QuickSort.sortArray(QuickSort.java:63)
	at com.turingds.dsexercise.sorting.QuickSort.sortArray(QuickSort.java:63)
	at com.turingds.dsexercise.sorting.QuickSort.sortArray(QuickSort.java:63)
	at com.turingds.dsexercise.sorting.QuickSort.sortArray(QuickSort.java:63)
	at com.turingds.dsexercise.sorting.QuickSort.sortArray(QuickSort.java:63)
	at com.turingds.dsexercise.sorting.QuickSort.sortArray(QuickSort.java:63)
	at com.turingds.dsexercise.sorting.QuickSort.sortArray(QuickSort.java:63)
	at com.turingds.dsexercise.sorting.QuickSort.sortArray(QuickSort.java:63)
	at com.turingds.dsexercise.sorting.QuickSort.sortArray(QuickSort.java:63)
	at com.turingds.dsexercise.sorting.QuickSort.sortArray(QuickSort.java:63)
	at com.turingds.dsexercise.sorting.QuickSort.sortArray(QuickSort.java:63)
	at com.turingds.dsexercise.sorting.QuickSort.sortArray(QuickSort.java:63)
	at com.turingds.dsexercise.sorting.QuickSort.sortArray(QuickSort.java:63)
	at com.turingds.dsexercise.sorting.QuickSort.sortArray(QuickSort.java:63)
	at com.turingds.dsexercise.sorting.QuickSort.sortArray(QuickSort.java:63)
	at com.turingds.dsexercise.sorting.QuickSort.sortArray(QuickSort.java:63)
	at com.turingds.dsexercise.sorting.QuickSort.sortArray(QuickSort.java:63)
	at com.turingds.dsexercise.sorting.QuickSort.sortArray(QuickSort.java:63)
	at com.turingds.dsexercise.sorting.QuickSort.sortArray(QuickSort.java:63)
	at com.turingds.dsexercise.sorting.QuickSort.sortArray(QuickSort.java:63)
	at com.turingds.dsexercise.sorting.QuickSort.sortArray(QuickSort.java:63)
	at com.turingds.dsexercise.sorting.QuickSort.sortArray(QuickSort.java:63)
	at com.turingds.dsexercise.sorting.QuickSort.sortArray(QuickSort.java:63)
	at com.turingds.dsexercise.sorting.QuickSort.sortArray(QuickSort.java:63)
	at com.turingds.dsexercise.sorting.QuickSort.sortArray(QuickSort.java:63)
	at com.turingds.dsexercise.sorting.QuickSort.sortArray(QuickSort.java:63)
	at com.turingds.dsexercise.sorting.QuickSort.sortArray(QuickSort.java:63)
	at com.turingds.dsexercise.sorting.QuickSort.sortArray(QuickSort.java:63)
	at com.turingds.dsexercise.sorting.QuickSort.sortArray(QuickSort.java:63)
	at com.turingds.dsexercise.sorting.QuickSort.sortArray(QuickSort.java:63)
	at com.turingds.dsexercise.sorting.QuickSort.sortArray(QuickSort.java:63)
	at com.turingds.dsexercise.sorting.QuickSort.sortArray(QuickSort.java:63)
	at com.turingds.dsexercise.sorting.QuickSort.sortArray(QuickSort.java:63)
	at com.turingds.dsexercise.sorting.QuickSort.sortArray(QuickSort.java:63)
	at com.turingds.dsexercise.sorting.QuickSort.sortArray(QuickSort.java:63)
	at com.turingds.dsexercise.sorting.QuickSort.sortArray(QuickSort.java:63)
	at com.turingds.dsexercise.sorting.QuickSort.sortArray(QuickSort.java:63)
	at com.turingds.dsexercise.sorting.QuickSort.sortArray(QuickSort.java:63)
	at com.turingds.dsexercise.sorting.QuickSort.sortArray(QuickSort.java:63)
	at com.turingds.dsexercise.sorting.QuickSort.sortArray(QuickSort.java:63)
	at com.turingds.dsexercise.sorting.QuickSort.sortArray(QuickSort.java:63)
	at com.turingds.dsexercise.sorting.QuickSort.sortArray(QuickSort.java:63)
	at com.turingds.dsexercise.sorting.QuickSort.sortArray(QuickSort.java:63)
	at com.turingds.dsexercise.sorting.QuickSort.sortArray(QuickSort.java:63)
	at com.turingds.dsexercise.sorting.QuickSort.sortArray(QuickSort.java:63)
	at com.turingds.dsexercise.sorting.QuickSort.sortArray(QuickSort.java:63)
	at com.turingds.dsexercise.sorting.QuickSort.sortArray(QuickSort.java:63)
	at com.turingds.dsexercise.sorting.QuickSort.sortArray(QuickSort.java:63)
	at com.turingds.dsexercise.sorting.QuickSort.sortArray(QuickSort.java:63)
	at com.turingds.dsexercise.sorting.QuickSort.sortArray(QuickSort.java:63)
	at com.turingds.dsexercise.sorting.QuickSort.sortArray(QuickSort.java:63)
	at com.turingds.dsexercise.sorting.QuickSort.sortArray(QuickSort.java:63)
	at com.turingds.dsexercise.sorting.QuickSort.sortArray(QuickSort.java:63)
	at com.turingds.dsexercise.sorting.QuickSort.sortArray(QuickSort.java:63)
	at com.turingds.dsexercise.sorting.QuickSort.sortArray(QuickSort.java:63)
	at com.turingds.dsexercise.sorting.QuickSort.sortArray(QuickSort.java:63)
	at com.turingds.dsexercise.sorting.QuickSort.sortArray(QuickSort.java:63)
	at com.turingds.dsexercise.sorting.QuickSort.sortArray(QuickSort.java:63)
	at com.turingds.dsexercise.sorting.QuickSort.sortArray(QuickSort.java:63)
	at com.turingds.dsexercise.sorting.QuickSort.sortArray(QuickSort.java:63)
	at com.turingds.dsexercise.sorting.QuickSort.sortArray(QuickSort.java:63)
	at com.turingds.dsexercise.sorting.QuickSort.sortArray(QuickSort.java:63)
	at com.turingds.dsexercise.sorting.QuickSort.sortArray(QuickSort.java:63)
	at com.turingds.dsexercise.sorting.QuickSort.sortArray(QuickSort.java:63)
	at com.turingds.dsexercise.sorting.QuickSort.sortArray(QuickSort.java:63)
	at com.turingds.dsexercise.sorting.QuickSort.sortArray(QuickSort.java:63)
	at com.turingds.dsexercise.sorting.QuickSort.sortArray(QuickSort.java:63)
	at com.turingds.dsexercise.sorting.QuickSort.sortArray(QuickSort.java:63)
	at com.turingds.dsexercise.sorting.QuickSort.sortArray(QuickSort.java:63)
	at com.turingds.dsexercise.sorting.QuickSort.sortArray(QuickSort.java:63)
	at com.turingds.dsexercise.sorting.QuickSort.sortArray(QuickSort.java:63)
	at com.turingds.dsexercise.sorting.QuickSort.sortArray(QuickSort.java:63)
	at com.turingds.dsexercise.sorting.QuickSort.sortArray(QuickSort.java:63)
	at com.turingds.dsexercise.sorting.QuickSort.sortArray(QuickSort.java:63)
	at com.turingds.dsexercise.sorting.QuickSort.sortArray(QuickSort.java:63)
	at com.turingds.dsexercise.sorting.QuickSort.sortArray(QuickSort.java:63)
	at com.turingds.dsexercise.sorting.QuickSort.sortArray(QuickSort.java:63)
	at com.turingds.dsexercise.sorting.QuickSort.sortArray(QuickSort.java:63)
	at com.turingds.dsexercise.sorting.QuickSort.sortArray(QuickSort.java:63)
	at com.turingds.dsexercise.sorting.QuickSort.sortArray(QuickSort.java:63)
	at com.turingds.dsexercise.sorting.QuickSort.sortArray(QuickSort.java:63)
	at com.turingds.dsexercise.sorting.QuickSort.sortArray(QuickSort.java:63)
	at com.turingds.dsexercise.sorting.QuickSort.sortArray(QuickSort.java:63)
	at com.turingds.dsexercise.sorting.QuickSort.sortArray(QuickSort.java:63)
	at com.turingds.dsexercise.sorting.QuickSort.sortArray(QuickSort.java:63)
	at com.turingds.dsexercise.sorting.QuickSort.sortArray(QuickSort.java:63)
	at com.turingds.dsexercise.sorting.QuickSort.sortArray(QuickSort.java:63)
	at com.turingds.dsexercise.sorting.QuickSort.sortArray(QuickSort.java:63)
	at com.turingds.dsexercise.sorting.QuickSort.sortArray(QuickSort.java:63)
	at com.turingds.dsexercise.sorting.QuickSort.sortArray(QuickSort.java:63)
	at com.turingds.dsexercise.sorting.QuickSort.sortArray(QuickSort.java:63)
	at com.turingds.dsexercise.sorting.QuickSort.sortArray(QuickSort.java:63)
	at com.turingds.dsexercise.sorting.QuickSort.sortArray(QuickSort.java:63)
	at com.turingds.dsexercise.sorting.QuickSort.sortArray(QuickSort.java:63)
	at com.turingds.dsexercise.sorting.QuickSort.sortArray(QuickSort.java:63)
	at com.turingds.dsexercise.sorting.QuickSort.sortArray(QuickSort.java:63)
	at com.turingds.dsexercise.sorting.QuickSort.sortArray(QuickSort.java:63)
	at com.turingds.dsexercise.sorting.QuickSort.sortArray(QuickSort.java:63)
	at com.turingds.dsexercise.sorting.QuickSort.sortArray(QuickSort.java:63)
	at com.turingds.dsexercise.sorting.QuickSort.sortArray(QuickSort.java:63)
	at com.turingds.dsexercise.sorting.QuickSort.sortArray(QuickSort.java:63)
	at com.turingds.dsexercise.sorting.QuickSort.sortArray(QuickSort.java:63)
	at com.turingds.dsexercise.sorting.QuickSort.sortArray(QuickSort.java:63)
	at com.turingds.dsexercise.sorting.QuickSort.sortArray(QuickSort.java:63)
	at com.turingds.dsexercise.sorting.QuickSort.sortArray(QuickSort.java:63)
	at com.turingds.dsexercise.sorting.QuickSort.sortArray(QuickSort.java:63)
	at com.turingds.dsexercise.sorting.QuickSort.sortArray(QuickSort.java:63)
	at com.turingds.dsexercise.sorting.QuickSort.sortArray(QuickSort.java:63)
	at com.turingds.dsexercise.sorting.QuickSort.sortArray(QuickSort.java:63)
	at com.turingds.dsexercise.sorting.QuickSort.sortArray(QuickSort.java:63)
	at com.turingds.dsexercise.sorting.QuickSort.sortArray(QuickSort.java:63)
	at com.turingds.dsexercise.sorting.QuickSort.sortArray(QuickSort.java:63)
	at com.turingds.dsexercise.sorting.QuickSort.sortArray(QuickSort.java:63)
	at com.turingds.dsexercise.sorting.QuickSort.sortArray(QuickSort.java:63)
	at com.turingds.dsexercise.sorting.QuickSort.sortArray(QuickSort.java:63)
	at com.turingds.dsexercise.sorting.QuickSort.sortArray(QuickSort.java:63)
	at com.turingds.dsexercise.sorting.QuickSort.sortArray(QuickSort.java:63)
	at com.turingds.dsexercise.sorting.QuickSort.sortArray(QuickSort.java:63)
	at com.turingds.dsexercise.sorting.QuickSort.sortArray(QuickSort.java:63)
	at com.turingds.dsexercise.sorting.QuickSort.sortArray(QuickSort.java:63)
	at com.turingds.dsexercise.sorting.QuickSort.sortArray(QuickSort.java:63)
	at com.turingds.dsexercise.sorting.QuickSort.sortArray(QuickSort.java:63)
	at com.turingds.dsexercise.sorting.QuickSort.sortArray(QuickSort.java:63)
	at com.turingds.dsexercise.sorting.QuickSort.sortArray(QuickSort.java:63)
	at com.turingds.dsexercise.sorting.QuickSort.sortArray(QuickSort.java:63)
	at com.turingds.dsexercise.sorting.QuickSort.sortArray(QuickSort.java:63)
	at com.turingds.dsexercise.sorting.QuickSort.sortArray(QuickSort.java:63)
	at com.turingds.dsexercise.sorting.QuickSort.sortArray(QuickSort.java:63)
	at com.turingds.dsexercise.sorting.QuickSort.sortArray(QuickSort.java:63)
	at com.turingds.dsexercise.sorting.QuickSort.sortArray(QuickSort.java:63)
	at com.turingds.dsexercise.sorting.QuickSort.sortArray(QuickSort.java:63)
	at com.turingds.dsexercise.sorting.QuickSort.sortArray(QuickSort.java:63)
	at com.turingds.dsexercise.sorting.QuickSort.sortArray(QuickSort.java:63)
	at com.turingds.dsexercise.sorting.QuickSort.sortArray(QuickSort.java:63)

