-------------------------------------------------------------------------------
Test set: com.turingds.dsexercise.recursion.FactorialTest
-------------------------------------------------------------------------------
Tests run: 1, Failures: 0, Errors: 1, Skipped: 0, Time elapsed: 0.061 s <<< FAILURE! -- in com.turingds.dsexercise.recursion.FactorialTest
com.turingds.dsexercise.recursion.FactorialTest.testZeroFactorial -- Time elapsed: 0.028 s <<< ERROR!
java.lang.StackOverflowError
	at com.turingds.dsexercise.recursion.Factorial.factorial(Factorial.java:17)
	at com.turingds.dsexercise.recursion.Factorial.factorial(Factorial.java:17)
	at com.turingds.dsexercise.recursion.Factorial.factorial(Factorial.java:17)
	at com.turingds.dsexercise.recursion.Factorial.factorial(Factorial.java:17)
	at com.turingds.dsexercise.recursion.Factorial.factorial(Factorial.java:17)
	at com.turingds.dsexercise.recursion.Factorial.factorial(Factorial.java:17)
	at com.turingds.dsexercise.recursion.Factorial.factorial(Factorial.java:17)
	at com.turingds.dsexercise.recursion.Factorial.factorial(Factorial.java:17)
	at com.turingds.dsexercise.recursion.Factorial.factorial(Factorial.java:17)
	at com.turingds.dsexercise.recursion.Factorial.factorial(Factorial.java:17)
	at com.turingds.dsexercise.recursion.Factorial.factorial(Factorial.java:17)
	at com.turingds.dsexercise.recursion.Factorial.factorial(Factorial.java:17)
	at com.turingds.dsexercise.recursion.Factorial.factorial(Factorial.java:17)
	at com.turingds.dsexercise.recursion.Factorial.factorial(Factorial.java:17)
	at com.turingds.dsexercise.recursion.Factorial.factorial(Factorial.java:17)
	at com.turingds.dsexercise.recursion.Factorial.factorial(Factorial.java:17)
	at com.turingds.dsexercise.recursion.Factorial.factorial(Factorial.java:17)
	at com.turingds.dsexercise.recursion.Factorial.factorial(Factorial.java:17)
	at com.turingds.dsexercise.recursion.Factorial.factorial(Factorial.java:17)
	at com.turingds.dsexercise.recursion.Factorial.factorial(Factorial.java:17)
	at com.turingds.dsexercise.recursion.Factorial.factorial(Factorial.java:17)
	at com.turingds.dsexercise.recursion.Factorial.factorial(Factorial.java:17)
	at com.turingds.dsexercise.recursion.Factorial.factorial(Factorial.java:17)
	at com.turingds.dsexercise.recursion.Factorial.factorial(Factorial.java:17)
	at com.turingds.dsexercise.recursion.Factorial.factorial(Factorial.java:17)
	at com.turingds.dsexercise.recursion.Factorial.factorial(Factorial.java:17)
	at com.turingds.dsexercise.recursion.Factorial.factorial(Factorial.java:17)
	at com.turingds.dsexercise.recursion.Factorial.factorial(Factorial.java:17)
	at com.turingds.dsexercise.recursion.Factorial.factorial(Factorial.java:17)
	at com.turingds.dsexercise.recursion.Factorial.factorial(Factorial.java:17)
	at com.turingds.dsexercise.recursion.Factorial.factorial(Factorial.java:17)
	at com.turingds.dsexercise.recursion.Factorial.factorial(Factorial.java:17)
	at com.turingds.dsexercise.recursion.Factorial.factorial(Factorial.java:17)
	at com.turingds.dsexercise.recursion.Factorial.factorial(Factorial.java:17)
	at com.turingds.dsexercise.recursion.Factorial.factorial(Factorial.java:17)
	at com.turingds.dsexercise.recursion.Factorial.factorial(Factorial.java:17)
	at com.turingds.dsexercise.recursion.Factorial.factorial(Factorial.java:17)
	at com.turingds.dsexercise.recursion.Factorial.factorial(Factorial.java:17)
	at com.turingds.dsexercise.recursion.Factorial.factorial(Factorial.java:17)
	at com.turingds.dsexercise.recursion.Factorial.factorial(Factorial.java:17)
	at com.turingds.dsexercise.recursion.Factorial.factorial(Factorial.java:17)
	at com.turingds.dsexercise.recursion.Factorial.factorial(Factorial.java:17)
	at com.turingds.dsexercise.recursion.Factorial.factorial(Factorial.java:17)
	at com.turingds.dsexercise.recursion.Factorial.factorial(Factorial.java:17)
	at com.turingds.dsexercise.recursion.Factorial.factorial(Factorial.java:17)
	at com.turingds.dsexercise.recursion.Factorial.factorial(Factorial.java:17)
	at com.turingds.dsexercise.recursion.Factorial.factorial(Factorial.java:17)
	at com.turingds.dsexercise.recursion.Factorial.factorial(Factorial.java:17)
	at com.turingds.dsexercise.recursion.Factorial.factorial(Factorial.java:17)
	at com.turingds.dsexercise.recursion.Factorial.factorial(Factorial.java:17)
	at com.turingds.dsexercise.recursion.Factorial.factorial(Factorial.java:17)
	at com.turingds.dsexercise.recursion.Factorial.factorial(Factorial.java:17)
	at com.turingds.dsexercise.recursion.Factorial.factorial(Factorial.java:17)
	at com.turingds.dsexercise.recursion.Factorial.factorial(Factorial.java:17)
	at com.turingds.dsexercise.recursion.Factorial.factorial(Factorial.java:17)
	at com.turingds.dsexercise.recursion.Factorial.factorial(Factorial.java:17)
	at com.turingds.dsexercise.recursion.Factorial.factorial(Factorial.java:17)
	at com.turingds.dsexercise.recursion.Factorial.factorial(Factorial.java:17)
	at com.turingds.dsexercise.recursion.Factorial.factorial(Factorial.java:17)
	at com.turingds.dsexercise.recursion.Factorial.factorial(Factorial.java:17)
	at com.turingds.dsexercise.recursion.Factorial.factorial(Factorial.java:17)
	at com.turingds.dsexercise.recursion.Factorial.factorial(Factorial.java:17)
	at com.turingds.dsexercise.recursion.Factorial.factorial(Factorial.java:17)
	at com.turingds.dsexercise.recursion.Factorial.factorial(Factorial.java:17)
	at com.turingds.dsexercise.recursion.Factorial.factorial(Factorial.java:17)
	at com.turingds.dsexercise.recursion.Factorial.factorial(Factorial.java:17)
	at com.turingds.dsexercise.recursion.Factorial.factorial(Factorial.java:17)
	at com.turingds.dsexercise.recursion.Factorial.factorial(Factorial.java:17)
	at com.turingds.dsexercise.recursion.Factorial.factorial(Factorial.java:17)
	at com.turingds.dsexercise.recursion.Factorial.factorial(Factorial.java:17)
	at com.turingds.dsexercise.recursion.Factorial.factorial(Factorial.java:17)
	at com.turingds.dsexercise.recursion.Factorial.factorial(Factorial.java:17)
	at com.turingds.dsexercise.recursion.Factorial.factorial(Factorial.java:17)
	at com.turingds.dsexercise.recursion.Factorial.factorial(Factorial.java:17)
	at com.turingds.dsexercise.recursion.Factorial.factorial(Factorial.java:17)
	at com.turingds.dsexercise.recursion.Factorial.factorial(Factorial.java:17)
	at com.turingds.dsexercise.recursion.Factorial.factorial(Factorial.java:17)
	at com.turingds.dsexercise.recursion.Factorial.factorial(Factorial.java:17)
	at com.turingds.dsexercise.recursion.Factorial.factorial(Factorial.java:17)
	at com.turingds.dsexercise.recursion.Factorial.factorial(Factorial.java:17)
	at com.turingds.dsexercise.recursion.Factorial.factorial(Factorial.java:17)
	at com.turingds.dsexercise.recursion.Factorial.factorial(Factorial.java:17)
	at com.turingds.dsexercise.recursion.Factorial.factorial(Factorial.java:17)
	at com.turingds.dsexercise.recursion.Factorial.factorial(Factorial.java:17)
	at com.turingds.dsexercise.recursion.Factorial.factorial(Factorial.java:17)
	at com.turingds.dsexercise.recursion.Factorial.factorial(Factorial.java:17)
	at com.turingds.dsexercise.recursion.Factorial.factorial(Factorial.java:17)
	at com.turingds.dsexercise.recursion.Factorial.factorial(Factorial.java:17)
	at com.turingds.dsexercise.recursion.Factorial.factorial(Factorial.java:17)
	at com.turingds.dsexercise.recursion.Factorial.factorial(Factorial.java:17)
	at com.turingds.dsexercise.recursion.Factorial.factorial(Factorial.java:17)
	at com.turingds.dsexercise.recursion.Factorial.factorial(Factorial.java:17)
	at com.turingds.dsexercise.recursion.Factorial.factorial(Factorial.java:17)
	at com.turingds.dsexercise.recursion.Factorial.factorial(Factorial.java:17)
	at com.turingds.dsexercise.recursion.Factorial.factorial(Factorial.java:17)
	at com.turingds.dsexercise.recursion.Factorial.factorial(Factorial.java:17)
	at com.turingds.dsexercise.recursion.Factorial.factorial(Factorial.java:17)
	at com.turingds.dsexercise.recursion.Factorial.factorial(Factorial.java:17)
	at com.turingds.dsexercise.recursion.Factorial.factorial(Factorial.java:17)
	at com.turingds.dsexercise.recursion.Factorial.factorial(Factorial.java:17)
	at com.turingds.dsexercise.recursion.Factorial.factorial(Factorial.java:17)
	at com.turingds.dsexercise.recursion.Factorial.factorial(Factorial.java:17)
	at com.turingds.dsexercise.recursion.Factorial.factorial(Factorial.java:17)
	at com.turingds.dsexercise.recursion.Factorial.factorial(Factorial.java:17)
	at com.turingds.dsexercise.recursion.Factorial.factorial(Factorial.java:17)
	at com.turingds.dsexercise.recursion.Factorial.factorial(Factorial.java:17)
	at com.turingds.dsexercise.recursion.Factorial.factorial(Factorial.java:17)
	at com.turingds.dsexercise.recursion.Factorial.factorial(Factorial.java:17)
	at com.turingds.dsexercise.recursion.Factorial.factorial(Factorial.java:17)
	at com.turingds.dsexercise.recursion.Factorial.factorial(Factorial.java:17)
	at com.turingds.dsexercise.recursion.Factorial.factorial(Factorial.java:17)
	at com.turingds.dsexercise.recursion.Factorial.factorial(Factorial.java:17)
	at com.turingds.dsexercise.recursion.Factorial.factorial(Factorial.java:17)
	at com.turingds.dsexercise.recursion.Factorial.factorial(Factorial.java:17)
	at com.turingds.dsexercise.recursion.Factorial.factorial(Factorial.java:17)
	at com.turingds.dsexercise.recursion.Factorial.factorial(Factorial.java:17)
	at com.turingds.dsexercise.recursion.Factorial.factorial(Factorial.java:17)
	at com.turingds.dsexercise.recursion.Factorial.factorial(Factorial.java:17)
	at com.turingds.dsexercise.recursion.Factorial.factorial(Factorial.java:17)
	at com.turingds.dsexercise.recursion.Factorial.factorial(Factorial.java:17)
	at com.turingds.dsexercise.recursion.Factorial.factorial(Factorial.java:17)
	at com.turingds.dsexercise.recursion.Factorial.factorial(Factorial.java:17)
	at com.turingds.dsexercise.recursion.Factorial.factorial(Factorial.java:17)
	at com.turingds.dsexercise.recursion.Factorial.factorial(Factorial.java:17)
	at com.turingds.dsexercise.recursion.Factorial.factorial(Factorial.java:17)
	at com.turingds.dsexercise.recursion.Factorial.factorial(Factorial.java:17)
	at com.turingds.dsexercise.recursion.Factorial.factorial(Factorial.java:17)
	at com.turingds.dsexercise.recursion.Factorial.factorial(Factorial.java:17)
	at com.turingds.dsexercise.recursion.Factorial.factorial(Factorial.java:17)
	at com.turingds.dsexercise.recursion.Factorial.factorial(Factorial.java:17)
	at com.turingds.dsexercise.recursion.Factorial.factorial(Factorial.java:17)
	at com.turingds.dsexercise.recursion.Factorial.factorial(Factorial.java:17)
	at com.turingds.dsexercise.recursion.Factorial.factorial(Factorial.java:17)
	at com.turingds.dsexercise.recursion.Factorial.factorial(Factorial.java:17)
	at com.turingds.dsexercise.recursion.Factorial.factorial(Factorial.java:17)
	at com.turingds.dsexercise.recursion.Factorial.factorial(Factorial.java:17)
	at com.turingds.dsexercise.recursion.Factorial.factorial(Factorial.java:17)
	at com.turingds.dsexercise.recursion.Factorial.factorial(Factorial.java:17)
	at com.turingds.dsexercise.recursion.Factorial.factorial(Factorial.java:17)
	at com.turingds.dsexercise.recursion.Factorial.factorial(Factorial.java:17)
	at com.turingds.dsexercise.recursion.Factorial.factorial(Factorial.java:17)
	at com.turingds.dsexercise.recursion.Factorial.factorial(Factorial.java:17)
	at com.turingds.dsexercise.recursion.Factorial.factorial(Factorial.java:17)
	at com.turingds.dsexercise.recursion.Factorial.factorial(Factorial.java:17)
	at com.turingds.dsexercise.recursion.Factorial.factorial(Factorial.java:17)
	at com.turingds.dsexercise.recursion.Factorial.factorial(Factorial.java:17)
	at com.turingds.dsexercise.recursion.Factorial.factorial(Factorial.java:17)
	at com.turingds.dsexercise.recursion.Factorial.factorial(Factorial.java:17)
	at com.turingds.dsexercise.recursion.Factorial.factorial(Factorial.java:17)
	at com.turingds.dsexercise.recursion.Factorial.factorial(Factorial.java:17)
	at com.turingds.dsexercise.recursion.Factorial.factorial(Factorial.java:17)
	at com.turingds.dsexercise.recursion.Factorial.factorial(Factorial.java:17)
	at com.turingds.dsexercise.recursion.Factorial.factorial(Factorial.java:17)
	at com.turingds.dsexercise.recursion.Factorial.factorial(Factorial.java:17)
	at com.turingds.dsexercise.recursion.Factorial.factorial(Factorial.java:17)
	at com.turingds.dsexercise.recursion.Factorial.factorial(Factorial.java:17)
	at com.turingds.dsexercise.recursion.Factorial.factorial(Factorial.java:17)
	at com.turingds.dsexercise.recursion.Factorial.factorial(Factorial.java:17)
	at com.turingds.dsexercise.recursion.Factorial.factorial(Factorial.java:17)
	at com.turingds.dsexercise.recursion.Factorial.factorial(Factorial.java:17)
	at com.turingds.dsexercise.recursion.Factorial.factorial(Factorial.java:17)
	at com.turingds.dsexercise.recursion.Factorial.factorial(Factorial.java:17)
	at com.turingds.dsexercise.recursion.Factorial.factorial(Factorial.java:17)
	at com.turingds.dsexercise.recursion.Factorial.factorial(Factorial.java:17)
	at com.turingds.dsexercise.recursion.Factorial.factorial(Factorial.java:17)
	at com.turingds.dsexercise.recursion.Factorial.factorial(Factorial.java:17)
	at com.turingds.dsexercise.recursion.Factorial.factorial(Factorial.java:17)
	at com.turingds.dsexercise.recursion.Factorial.factorial(Factorial.java:17)
	at com.turingds.dsexercise.recursion.Factorial.factorial(Factorial.java:17)
	at com.turingds.dsexercise.recursion.Factorial.factorial(Factorial.java:17)
	at com.turingds.dsexercise.recursion.Factorial.factorial(Factorial.java:17)
	at com.turingds.dsexercise.recursion.Factorial.factorial(Factorial.java:17)
	at com.turingds.dsexercise.recursion.Factorial.factorial(Factorial.java:17)
	at com.turingds.dsexercise.recursion.Factorial.factorial(Factorial.java:17)
	at com.turingds.dsexercise.recursion.Factorial.factorial(Factorial.java:17)
	at com.turingds.dsexercise.recursion.Factorial.factorial(Factorial.java:17)
	at com.turingds.dsexercise.recursion.Factorial.factorial(Factorial.java:17)
	at com.turingds.dsexercise.recursion.Factorial.factorial(Factorial.java:17)
	at com.turingds.dsexercise.recursion.Factorial.factorial(Factorial.java:17)
	at com.turingds.dsexercise.recursion.Factorial.factorial(Factorial.java:17)
	at com.turingds.dsexercise.recursion.Factorial.factorial(Factorial.java:17)
	at com.turingds.dsexercise.recursion.Factorial.factorial(Factorial.java:17)
	at com.turingds.dsexercise.recursion.Factorial.factorial(Factorial.java:17)
	at com.turingds.dsexercise.recursion.Factorial.factorial(Factorial.java:17)
	at com.turingds.dsexercise.recursion.Factorial.factorial(Factorial.java:17)
	at com.turingds.dsexercise.recursion.Factorial.factorial(Factorial.java:17)
	at com.turingds.dsexercise.recursion.Factorial.factorial(Factorial.java:17)
	at com.turingds.dsexercise.recursion.Factorial.factorial(Factorial.java:17)
	at com.turingds.dsexercise.recursion.Factorial.factorial(Factorial.java:17)
	at com.turingds.dsexercise.recursion.Factorial.factorial(Factorial.java:17)
	at com.turingds.dsexercise.recursion.Factorial.factorial(Factorial.java:17)
	at com.turingds.dsexercise.recursion.Factorial.factorial(Factorial.java:17)
	at com.turingds.dsexercise.recursion.Factorial.factorial(Factorial.java:17)
	at com.turingds.dsexercise.recursion.Factorial.factorial(Factorial.java:17)
	at com.turingds.dsexercise.recursion.Factorial.factorial(Factorial.java:17)
	at com.turingds.dsexercise.recursion.Factorial.factorial(Factorial.java:17)
	at com.turingds.dsexercise.recursion.Factorial.factorial(Factorial.java:17)
	at com.turingds.dsexercise.recursion.Factorial.factorial(Factorial.java:17)
	at com.turingds.dsexercise.recursion.Factorial.factorial(Factorial.java:17)
	at com.turingds.dsexercise.recursion.Factorial.factorial(Factorial.java:17)
	at com.turingds.dsexercise.recursion.Factorial.factorial(Factorial.java:17)
	at com.turingds.dsexercise.recursion.Factorial.factorial(Factorial.java:17)
	at com.turingds.dsexercise.recursion.Factorial.factorial(Factorial.java:17)
	at com.turingds.dsexercise.recursion.Factorial.factorial(Factorial.java:17)
	at com.turingds.dsexercise.recursion.Factorial.factorial(Factorial.java:17)
	at com.turingds.dsexercise.recursion.Factorial.factorial(Factorial.java:17)
	at com.turingds.dsexercise.recursion.Factorial.factorial(Factorial.java:17)
	at com.turingds.dsexercise.recursion.Factorial.factorial(Factorial.java:17)
	at com.turingds.dsexercise.recursion.Factorial.factorial(Factorial.java:17)
	at com.turingds.dsexercise.recursion.Factorial.factorial(Factorial.java:17)
	at com.turingds.dsexercise.recursion.Factorial.factorial(Factorial.java:17)
	at com.turingds.dsexercise.recursion.Factorial.factorial(Factorial.java:17)
	at com.turingds.dsexercise.recursion.Factorial.factorial(Factorial.java:17)
	at com.turingds.dsexercise.recursion.Factorial.factorial(Factorial.java:17)
	at com.turingds.dsexercise.recursion.Factorial.factorial(Factorial.java:17)
	at com.turingds.dsexercise.recursion.Factorial.factorial(Factorial.java:17)
	at com.turingds.dsexercise.recursion.Factorial.factorial(Factorial.java:17)
	at com.turingds.dsexercise.recursion.Factorial.factorial(Factorial.java:17)
	at com.turingds.dsexercise.recursion.Factorial.factorial(Factorial.java:17)
	at com.turingds.dsexercise.recursion.Factorial.factorial(Factorial.java:17)
	at com.turingds.dsexercise.recursion.Factorial.factorial(Factorial.java:17)
	at com.turingds.dsexercise.recursion.Factorial.factorial(Factorial.java:17)
	at com.turingds.dsexercise.recursion.Factorial.factorial(Factorial.java:17)
	at com.turingds.dsexercise.recursion.Factorial.factorial(Factorial.java:17)
	at com.turingds.dsexercise.recursion.Factorial.factorial(Factorial.java:17)
	at com.turingds.dsexercise.recursion.Factorial.factorial(Factorial.java:17)
	at com.turingds.dsexercise.recursion.Factorial.factorial(Factorial.java:17)
	at com.turingds.dsexercise.recursion.Factorial.factorial(Factorial.java:17)
	at com.turingds.dsexercise.recursion.Factorial.factorial(Factorial.java:17)
	at com.turingds.dsexercise.recursion.Factorial.factorial(Factorial.java:17)
	at com.turingds.dsexercise.recursion.Factorial.factorial(Factorial.java:17)
	at com.turingds.dsexercise.recursion.Factorial.factorial(Factorial.java:17)
	at com.turingds.dsexercise.recursion.Factorial.factorial(Factorial.java:17)
	at com.turingds.dsexercise.recursion.Factorial.factorial(Factorial.java:17)
	at com.turingds.dsexercise.recursion.Factorial.factorial(Factorial.java:17)
	at com.turingds.dsexercise.recursion.Factorial.factorial(Factorial.java:17)
	at com.turingds.dsexercise.recursion.Factorial.factorial(Factorial.java:17)
	at com.turingds.dsexercise.recursion.Factorial.factorial(Factorial.java:17)
	at com.turingds.dsexercise.recursion.Factorial.factorial(Factorial.java:17)
	at com.turingds.dsexercise.recursion.Factorial.factorial(Factorial.java:17)
	at com.turingds.dsexercise.recursion.Factorial.factorial(Factorial.java:17)
	at com.turingds.dsexercise.recursion.Factorial.factorial(Factorial.java:17)
	at com.turingds.dsexercise.recursion.Factorial.factorial(Factorial.java:17)
	at com.turingds.dsexercise.recursion.Factorial.factorial(Factorial.java:17)
	at com.turingds.dsexercise.recursion.Factorial.factorial(Factorial.java:17)
	at com.turingds.dsexercise.recursion.Factorial.factorial(Factorial.java:17)
	at com.turingds.dsexercise.recursion.Factorial.factorial(Factorial.java:17)
	at com.turingds.dsexercise.recursion.Factorial.factorial(Factorial.java:17)
	at com.turingds.dsexercise.recursion.Factorial.factorial(Factorial.java:17)
	at com.turingds.dsexercise.recursion.Factorial.factorial(Factorial.java:17)
	at com.turingds.dsexercise.recursion.Factorial.factorial(Factorial.java:17)
	at com.turingds.dsexercise.recursion.Factorial.factorial(Factorial.java:17)
	at com.turingds.dsexercise.recursion.Factorial.factorial(Factorial.java:17)
	at com.turingds.dsexercise.recursion.Factorial.factorial(Factorial.java:17)
	at com.turingds.dsexercise.recursion.Factorial.factorial(Factorial.java:17)
	at com.turingds.dsexercise.recursion.Factorial.factorial(Factorial.java:17)
	at com.turingds.dsexercise.recursion.Factorial.factorial(Factorial.java:17)
	at com.turingds.dsexercise.recursion.Factorial.factorial(Factorial.java:17)
	at com.turingds.dsexercise.recursion.Factorial.factorial(Factorial.java:17)
	at com.turingds.dsexercise.recursion.Factorial.factorial(Factorial.java:17)
	at com.turingds.dsexercise.recursion.Factorial.factorial(Factorial.java:17)
	at com.turingds.dsexercise.recursion.Factorial.factorial(Factorial.java:17)
	at com.turingds.dsexercise.recursion.Factorial.factorial(Factorial.java:17)
	at com.turingds.dsexercise.recursion.Factorial.factorial(Factorial.java:17)
	at com.turingds.dsexercise.recursion.Factorial.factorial(Factorial.java:17)
	at com.turingds.dsexercise.recursion.Factorial.factorial(Factorial.java:17)
	at com.turingds.dsexercise.recursion.Factorial.factorial(Factorial.java:17)
	at com.turingds.dsexercise.recursion.Factorial.factorial(Factorial.java:17)
	at com.turingds.dsexercise.recursion.Factorial.factorial(Factorial.java:17)
	at com.turingds.dsexercise.recursion.Factorial.factorial(Factorial.java:17)
	at com.turingds.dsexercise.recursion.Factorial.factorial(Factorial.java:17)
	at com.turingds.dsexercise.recursion.Factorial.factorial(Factorial.java:17)
	at com.turingds.dsexercise.recursion.Factorial.factorial(Factorial.java:17)
	at com.turingds.dsexercise.recursion.Factorial.factorial(Factorial.java:17)
	at com.turingds.dsexercise.recursion.Factorial.factorial(Factorial.java:17)
	at com.turingds.dsexercise.recursion.Factorial.factorial(Factorial.java:17)
	at com.turingds.dsexercise.recursion.Factorial.factorial(Factorial.java:17)
	at com.turingds.dsexercise.recursion.Factorial.factorial(Factorial.java:17)
	at com.turingds.dsexercise.recursion.Factorial.factorial(Factorial.java:17)
	at com.turingds.dsexercise.recursion.Factorial.factorial(Factorial.java:17)
	at com.turingds.dsexercise.recursion.Factorial.factorial(Factorial.java:17)
	at com.turingds.dsexercise.recursion.Factorial.factorial(Factorial.java:17)
	at com.turingds.dsexercise.recursion.Factorial.factorial(Factorial.java:17)
	at com.turingds.dsexercise.recursion.Factorial.factorial(Factorial.java:17)
	at com.turingds.dsexercise.recursion.Factorial.factorial(Factorial.java:17)
	at com.turingds.dsexercise.recursion.Factorial.factorial(Factorial.java:17)
	at com.turingds.dsexercise.recursion.Factorial.factorial(Factorial.java:17)
	at com.turingds.dsexercise.recursion.Factorial.factorial(Factorial.java:17)
	at com.turingds.dsexercise.recursion.Factorial.factorial(Factorial.java:17)
	at com.turingds.dsexercise.recursion.Factorial.factorial(Factorial.java:17)
	at com.turingds.dsexercise.recursion.Factorial.factorial(Factorial.java:17)
	at com.turingds.dsexercise.recursion.Factorial.factorial(Factorial.java:17)
	at com.turingds.dsexercise.recursion.Factorial.factorial(Factorial.java:17)
	at com.turingds.dsexercise.recursion.Factorial.factorial(Factorial.java:17)
	at com.turingds.dsexercise.recursion.Factorial.factorial(Factorial.java:17)
	at com.turingds.dsexercise.recursion.Factorial.factorial(Factorial.java:17)
	at com.turingds.dsexercise.recursion.Factorial.factorial(Factorial.java:17)
	at com.turingds.dsexercise.recursion.Factorial.factorial(Factorial.java:17)
	at com.turingds.dsexercise.recursion.Factorial.factorial(Factorial.java:17)
	at com.turingds.dsexercise.recursion.Factorial.factorial(Factorial.java:17)
	at com.turingds.dsexercise.recursion.Factorial.factorial(Factorial.java:17)
	at com.turingds.dsexercise.recursion.Factorial.factorial(Factorial.java:17)
	at com.turingds.dsexercise.recursion.Factorial.factorial(Factorial.java:17)
	at com.turingds.dsexercise.recursion.Factorial.factorial(Factorial.java:17)
	at com.turingds.dsexercise.recursion.Factorial.factorial(Factorial.java:17)
	at com.turingds.dsexercise.recursion.Factorial.factorial(Factorial.java:17)
	at com.turingds.dsexercise.recursion.Factorial.factorial(Factorial.java:17)
	at com.turingds.dsexercise.recursion.Factorial.factorial(Factorial.java:17)
	at com.turingds.dsexercise.recursion.Factorial.factorial(Factorial.java:17)
	at com.turingds.dsexercise.recursion.Factorial.factorial(Factorial.java:17)
	at com.turingds.dsexercise.recursion.Factorial.factorial(Factorial.java:17)
	at com.turingds.dsexercise.recursion.Factorial.factorial(Factorial.java:17)
	at com.turingds.dsexercise.recursion.Factorial.factorial(Factorial.java:17)
	at com.turingds.dsexercise.recursion.Factorial.factorial(Factorial.java:17)
	at com.turingds.dsexercise.recursion.Factorial.factorial(Factorial.java:17)
	at com.turingds.dsexercise.recursion.Factorial.factorial(Factorial.java:17)
	at com.turingds.dsexercise.recursion.Factorial.factorial(Factorial.java:17)
	at com.turingds.dsexercise.recursion.Factorial.factorial(Factorial.java:17)
	at com.turingds.dsexercise.recursion.Factorial.factorial(Factorial.java:17)
	at com.turingds.dsexercise.recursion.Factorial.factorial(Factorial.java:17)
	at com.turingds.dsexercise.recursion.Factorial.factorial(Factorial.java:17)
	at com.turingds.dsexercise.recursion.Factorial.factorial(Factorial.java:17)
	at com.turingds.dsexercise.recursion.Factorial.factorial(Factorial.java:17)
	at com.turingds.dsexercise.recursion.Factorial.factorial(Factorial.java:17)
	at com.turingds.dsexercise.recursion.Factorial.factorial(Factorial.java:17)
	at com.turingds.dsexercise.recursion.Factorial.factorial(Factorial.java:17)
	at com.turingds.dsexercise.recursion.Factorial.factorial(Factorial.java:17)
	at com.turingds.dsexercise.recursion.Factorial.factorial(Factorial.java:17)
	at com.turingds.dsexercise.recursion.Factorial.factorial(Factorial.java:17)
	at com.turingds.dsexercise.recursion.Factorial.factorial(Factorial.java:17)
	at com.turingds.dsexercise.recursion.Factorial.factorial(Factorial.java:17)
	at com.turingds.dsexercise.recursion.Factorial.factorial(Factorial.java:17)
	at com.turingds.dsexercise.recursion.Factorial.factorial(Factorial.java:17)
	at com.turingds.dsexercise.recursion.Factorial.factorial(Factorial.java:17)
	at com.turingds.dsexercise.recursion.Factorial.factorial(Factorial.java:17)
	at com.turingds.dsexercise.recursion.Factorial.factorial(Factorial.java:17)
	at com.turingds.dsexercise.recursion.Factorial.factorial(Factorial.java:17)
	at com.turingds.dsexercise.recursion.Factorial.factorial(Factorial.java:17)
	at com.turingds.dsexercise.recursion.Factorial.factorial(Factorial.java:17)
	at com.turingds.dsexercise.recursion.Factorial.factorial(Factorial.java:17)
	at com.turingds.dsexercise.recursion.Factorial.factorial(Factorial.java:17)
	at com.turingds.dsexercise.recursion.Factorial.factorial(Factorial.java:17)
	at com.turingds.dsexercise.recursion.Factorial.factorial(Factorial.java:17)
	at com.turingds.dsexercise.recursion.Factorial.factorial(Factorial.java:17)
	at com.turingds.dsexercise.recursion.Factorial.factorial(Factorial.java:17)
	at com.turingds.dsexercise.recursion.Factorial.factorial(Factorial.java:17)
	at com.turingds.dsexercise.recursion.Factorial.factorial(Factorial.java:17)
	at com.turingds.dsexercise.recursion.Factorial.factorial(Factorial.java:17)
	at com.turingds.dsexercise.recursion.Factorial.factorial(Factorial.java:17)
	at com.turingds.dsexercise.recursion.Factorial.factorial(Factorial.java:17)
	at com.turingds.dsexercise.recursion.Factorial.factorial(Factorial.java:17)
	at com.turingds.dsexercise.recursion.Factorial.factorial(Factorial.java:17)
	at com.turingds.dsexercise.recursion.Factorial.factorial(Factorial.java:17)
	at com.turingds.dsexercise.recursion.Factorial.factorial(Factorial.java:17)
	at com.turingds.dsexercise.recursion.Factorial.factorial(Factorial.java:17)
	at com.turingds.dsexercise.recursion.Factorial.factorial(Factorial.java:17)
	at com.turingds.dsexercise.recursion.Factorial.factorial(Factorial.java:17)
	at com.turingds.dsexercise.recursion.Factorial.factorial(Factorial.java:17)
	at com.turingds.dsexercise.recursion.Factorial.factorial(Factorial.java:17)
	at com.turingds.dsexercise.recursion.Factorial.factorial(Factorial.java:17)
	at com.turingds.dsexercise.recursion.Factorial.factorial(Factorial.java:17)
	at com.turingds.dsexercise.recursion.Factorial.factorial(Factorial.java:17)
	at com.turingds.dsexercise.recursion.Factorial.factorial(Factorial.java:17)
	at com.turingds.dsexercise.recursion.Factorial.factorial(Factorial.java:17)
	at com.turingds.dsexercise.recursion.Factorial.factorial(Factorial.java:17)
	at com.turingds.dsexercise.recursion.Factorial.factorial(Factorial.java:17)
	at com.turingds.dsexercise.recursion.Factorial.factorial(Factorial.java:17)
	at com.turingds.dsexercise.recursion.Factorial.factorial(Factorial.java:17)
	at com.turingds.dsexercise.recursion.Factorial.factorial(Factorial.java:17)
	at com.turingds.dsexercise.recursion.Factorial.factorial(Factorial.java:17)
	at com.turingds.dsexercise.recursion.Factorial.factorial(Factorial.java:17)
	at com.turingds.dsexercise.recursion.Factorial.factorial(Factorial.java:17)
	at com.turingds.dsexercise.recursion.Factorial.factorial(Factorial.java:17)
	at com.turingds.dsexercise.recursion.Factorial.factorial(Factorial.java:17)
	at com.turingds.dsexercise.recursion.Factorial.factorial(Factorial.java:17)
	at com.turingds.dsexercise.recursion.Factorial.factorial(Factorial.java:17)
	at com.turingds.dsexercise.recursion.Factorial.factorial(Factorial.java:17)
	at com.turingds.dsexercise.recursion.Factorial.factorial(Factorial.java:17)
	at com.turingds.dsexercise.recursion.Factorial.factorial(Factorial.java:17)
	at com.turingds.dsexercise.recursion.Factorial.factorial(Factorial.java:17)
	at com.turingds.dsexercise.recursion.Factorial.factorial(Factorial.java:17)
	at com.turingds.dsexercise.recursion.Factorial.factorial(Factorial.java:17)
	at com.turingds.dsexercise.recursion.Factorial.factorial(Factorial.java:17)
	at com.turingds.dsexercise.recursion.Factorial.factorial(Factorial.java:17)
	at com.turingds.dsexercise.recursion.Factorial.factorial(Factorial.java:17)
	at com.turingds.dsexercise.recursion.Factorial.factorial(Factorial.java:17)
	at com.turingds.dsexercise.recursion.Factorial.factorial(Factorial.java:17)
	at com.turingds.dsexercise.recursion.Factorial.factorial(Factorial.java:17)
	at com.turingds.dsexercise.recursion.Factorial.factorial(Factorial.java:17)
	at com.turingds.dsexercise.recursion.Factorial.factorial(Factorial.java:17)
	at com.turingds.dsexercise.recursion.Factorial.factorial(Factorial.java:17)
	at com.turingds.dsexercise.recursion.Factorial.factorial(Factorial.java:17)
	at com.turingds.dsexercise.recursion.Factorial.factorial(Factorial.java:17)
	at com.turingds.dsexercise.recursion.Factorial.factorial(Factorial.java:17)
	at com.turingds.dsexercise.recursion.Factorial.factorial(Factorial.java:17)
	at com.turingds.dsexercise.recursion.Factorial.factorial(Factorial.java:17)
	at com.turingds.dsexercise.recursion.Factorial.factorial(Factorial.java:17)
	at com.turingds.dsexercise.recursion.Factorial.factorial(Factorial.java:17)
	at com.turingds.dsexercise.recursion.Factorial.factorial(Factorial.java:17)
	at com.turingds.dsexercise.recursion.Factorial.factorial(Factorial.java:17)
	at com.turingds.dsexercise.recursion.Factorial.factorial(Factorial.java:17)
	at com.turingds.dsexercise.recursion.Factorial.factorial(Factorial.java:17)
	at com.turingds.dsexercise.recursion.Factorial.factorial(Factorial.java:17)
	at com.turingds.dsexercise.recursion.Factorial.factorial(Factorial.java:17)
	at com.turingds.dsexercise.recursion.Factorial.factorial(Factorial.java:17)
	at com.turingds.dsexercise.recursion.Factorial.factorial(Factorial.java:17)
	at com.turingds.dsexercise.recursion.Factorial.factorial(Factorial.java:17)
	at com.turingds.dsexercise.recursion.Factorial.factorial(Factorial.java:17)
	at com.turingds.dsexercise.recursion.Factorial.factorial(Factorial.java:17)
	at com.turingds.dsexercise.recursion.Factorial.factorial(Factorial.java:17)
	at com.turingds.dsexercise.recursion.Factorial.factorial(Factorial.java:17)
	at com.turingds.dsexercise.recursion.Factorial.factorial(Factorial.java:17)
	at com.turingds.dsexercise.recursion.Factorial.factorial(Factorial.java:17)
	at com.turingds.dsexercise.recursion.Factorial.factorial(Factorial.java:17)
	at com.turingds.dsexercise.recursion.Factorial.factorial(Factorial.java:17)
	at com.turingds.dsexercise.recursion.Factorial.factorial(Factorial.java:17)
	at com.turingds.dsexercise.recursion.Factorial.factorial(Factorial.java:17)
	at com.turingds.dsexercise.recursion.Factorial.factorial(Factorial.java:17)
	at com.turingds.dsexercise.recursion.Factorial.factorial(Factorial.java:17)
	at com.turingds.dsexercise.recursion.Factorial.factorial(Factorial.java:17)
	at com.turingds.dsexercise.recursion.Factorial.factorial(Factorial.java:17)
	at com.turingds.dsexercise.recursion.Factorial.factorial(Factorial.java:17)
	at com.turingds.dsexercise.recursion.Factorial.factorial(Factorial.java:17)
	at com.turingds.dsexercise.recursion.Factorial.factorial(Factorial.java:17)
	at com.turingds.dsexercise.recursion.Factorial.factorial(Factorial.java:17)
	at com.turingds.dsexercise.recursion.Factorial.factorial(Factorial.java:17)
	at com.turingds.dsexercise.recursion.Factorial.factorial(Factorial.java:17)
	at com.turingds.dsexercise.recursion.Factorial.factorial(Factorial.java:17)
	at com.turingds.dsexercise.recursion.Factorial.factorial(Factorial.java:17)
	at com.turingds.dsexercise.recursion.Factorial.factorial(Factorial.java:17)
	at com.turingds.dsexercise.recursion.Factorial.factorial(Factorial.java:17)
	at com.turingds.dsexercise.recursion.Factorial.factorial(Factorial.java:17)
	at com.turingds.dsexercise.recursion.Factorial.factorial(Factorial.java:17)
	at com.turingds.dsexercise.recursion.Factorial.factorial(Factorial.java:17)
	at com.turingds.dsexercise.recursion.Factorial.factorial(Factorial.java:17)
	at com.turingds.dsexercise.recursion.Factorial.factorial(Factorial.java:17)
	at com.turingds.dsexercise.recursion.Factorial.factorial(Factorial.java:17)
	at com.turingds.dsexercise.recursion.Factorial.factorial(Factorial.java:17)
	at com.turingds.dsexercise.recursion.Factorial.factorial(Factorial.java:17)
	at com.turingds.dsexercise.recursion.Factorial.factorial(Factorial.java:17)
	at com.turingds.dsexercise.recursion.Factorial.factorial(Factorial.java:17)
	at com.turingds.dsexercise.recursion.Factorial.factorial(Factorial.java:17)
	at com.turingds.dsexercise.recursion.Factorial.factorial(Factorial.java:17)
	at com.turingds.dsexercise.recursion.Factorial.factorial(Factorial.java:17)
	at com.turingds.dsexercise.recursion.Factorial.factorial(Factorial.java:17)
	at com.turingds.dsexercise.recursion.Factorial.factorial(Factorial.java:17)
	at com.turingds.dsexercise.recursion.Factorial.factorial(Factorial.java:17)
	at com.turingds.dsexercise.recursion.Factorial.factorial(Factorial.java:17)
	at com.turingds.dsexercise.recursion.Factorial.factorial(Factorial.java:17)
	at com.turingds.dsexercise.recursion.Factorial.factorial(Factorial.java:17)
	at com.turingds.dsexercise.recursion.Factorial.factorial(Factorial.java:17)
	at com.turingds.dsexercise.recursion.Factorial.factorial(Factorial.java:17)
	at com.turingds.dsexercise.recursion.Factorial.factorial(Factorial.java:17)
	at com.turingds.dsexercise.recursion.Factorial.factorial(Factorial.java:17)
	at com.turingds.dsexercise.recursion.Factorial.factorial(Factorial.java:17)
	at com.turingds.dsexercise.recursion.Factorial.factorial(Factorial.java:17)
	at com.turingds.dsexercise.recursion.Factorial.factorial(Factorial.java:17)
	at com.turingds.dsexercise.recursion.Factorial.factorial(Factorial.java:17)
	at com.turingds.dsexercise.recursion.Factorial.factorial(Factorial.java:17)
	at com.turingds.dsexercise.recursion.Factorial.factorial(Factorial.java:17)
	at com.turingds.dsexercise.recursion.Factorial.factorial(Factorial.java:17)
	at com.turingds.dsexercise.recursion.Factorial.factorial(Factorial.java:17)
	at com.turingds.dsexercise.recursion.Factorial.factorial(Factorial.java:17)
	at com.turingds.dsexercise.recursion.Factorial.factorial(Factorial.java:17)
	at com.turingds.dsexercise.recursion.Factorial.factorial(Factorial.java:17)
	at com.turingds.dsexercise.recursion.Factorial.factorial(Factorial.java:17)
	at com.turingds.dsexercise.recursion.Factorial.factorial(Factorial.java:17)
	at com.turingds.dsexercise.recursion.Factorial.factorial(Factorial.java:17)
	at com.turingds.dsexercise.recursion.Factorial.factorial(Factorial.java:17)
	at com.turingds.dsexercise.recursion.Factorial.factorial(Factorial.java:17)
	at com.turingds.dsexercise.recursion.Factorial.factorial(Factorial.java:17)
	at com.turingds.dsexercise.recursion.Factorial.factorial(Factorial.java:17)
	at com.turingds.dsexercise.recursion.Factorial.factorial(Factorial.java:17)
	at com.turingds.dsexercise.recursion.Factorial.factorial(Factorial.java:17)
	at com.turingds.dsexercise.recursion.Factorial.factorial(Factorial.java:17)
	at com.turingds.dsexercise.recursion.Factorial.factorial(Factorial.java:17)
	at com.turingds.dsexercise.recursion.Factorial.factorial(Factorial.java:17)
	at com.turingds.dsexercise.recursion.Factorial.factorial(Factorial.java:17)
	at com.turingds.dsexercise.recursion.Factorial.factorial(Factorial.java:17)
	at com.turingds.dsexercise.recursion.Factorial.factorial(Factorial.java:17)
	at com.turingds.dsexercise.recursion.Factorial.factorial(Factorial.java:17)
	at com.turingds.dsexercise.recursion.Factorial.factorial(Factorial.java:17)
	at com.turingds.dsexercise.recursion.Factorial.factorial(Factorial.java:17)
	at com.turingds.dsexercise.recursion.Factorial.factorial(Factorial.java:17)
	at com.turingds.dsexercise.recursion.Factorial.factorial(Factorial.java:17)
	at com.turingds.dsexercise.recursion.Factorial.factorial(Factorial.java:17)
	at com.turingds.dsexercise.recursion.Factorial.factorial(Factorial.java:17)
	at com.turingds.dsexercise.recursion.Factorial.factorial(Factorial.java:17)
	at com.turingds.dsexercise.recursion.Factorial.factorial(Factorial.java:17)
	at com.turingds.dsexercise.recursion.Factorial.factorial(Factorial.java:17)
	at com.turingds.dsexercise.recursion.Factorial.factorial(Factorial.java:17)
	at com.turingds.dsexercise.recursion.Factorial.factorial(Factorial.java:17)
	at com.turingds.dsexercise.recursion.Factorial.factorial(Factorial.java:17)
	at com.turingds.dsexercise.recursion.Factorial.factorial(Factorial.java:17)
	at com.turingds.dsexercise.recursion.Factorial.factorial(Factorial.java:17)
	at com.turingds.dsexercise.recursion.Factorial.factorial(Factorial.java:17)
	at com.turingds.dsexercise.recursion.Factorial.factorial(Factorial.java:17)
	at com.turingds.dsexercise.recursion.Factorial.factorial(Factorial.java:17)
	at com.turingds.dsexercise.recursion.Factorial.factorial(Factorial.java:17)
	at com.turingds.dsexercise.recursion.Factorial.factorial(Factorial.java:17)
	at com.turingds.dsexercise.recursion.Factorial.factorial(Factorial.java:17)
	at com.turingds.dsexercise.recursion.Factorial.factorial(Factorial.java:17)
	at com.turingds.dsexercise.recursion.Factorial.factorial(Factorial.java:17)
	at com.turingds.dsexercise.recursion.Factorial.factorial(Factorial.java:17)
	at com.turingds.dsexercise.recursion.Factorial.factorial(Factorial.java:17)
	at com.turingds.dsexercise.recursion.Factorial.factorial(Factorial.java:17)
	at com.turingds.dsexercise.recursion.Factorial.factorial(Factorial.java:17)
	at com.turingds.dsexercise.recursion.Factorial.factorial(Factorial.java:17)
	at com.turingds.dsexercise.recursion.Factorial.factorial(Factorial.java:17)
	at com.turingds.dsexercise.recursion.Factorial.factorial(Factorial.java:17)
	at com.turingds.dsexercise.recursion.Factorial.factorial(Factorial.java:17)
	at com.turingds.dsexercise.recursion.Factorial.factorial(Factorial.java:17)
	at com.turingds.dsexercise.recursion.Factorial.factorial(Factorial.java:17)
	at com.turingds.dsexercise.recursion.Factorial.factorial(Factorial.java:17)
	at com.turingds.dsexercise.recursion.Factorial.factorial(Factorial.java:17)
	at com.turingds.dsexercise.recursion.Factorial.factorial(Factorial.java:17)
	at com.turingds.dsexercise.recursion.Factorial.factorial(Factorial.java:17)
	at com.turingds.dsexercise.recursion.Factorial.factorial(Factorial.java:17)
	at com.turingds.dsexercise.recursion.Factorial.factorial(Factorial.java:17)
	at com.turingds.dsexercise.recursion.Factorial.factorial(Factorial.java:17)
	at com.turingds.dsexercise.recursion.Factorial.factorial(Factorial.java:17)
	at com.turingds.dsexercise.recursion.Factorial.factorial(Factorial.java:17)
	at com.turingds.dsexercise.recursion.Factorial.factorial(Factorial.java:17)
	at com.turingds.dsexercise.recursion.Factorial.factorial(Factorial.java:17)
	at com.turingds.dsexercise.recursion.Factorial.factorial(Factorial.java:17)
	at com.turingds.dsexercise.recursion.Factorial.factorial(Factorial.java:17)
	at com.turingds.dsexercise.recursion.Factorial.factorial(Factorial.java:17)
	at com.turingds.dsexercise.recursion.Factorial.factorial(Factorial.java:17)
	at com.turingds.dsexercise.recursion.Factorial.factorial(Factorial.java:17)
	at com.turingds.dsexercise.recursion.Factorial.factorial(Factorial.java:17)
	at com.turingds.dsexercise.recursion.Factorial.factorial(Factorial.java:17)
	at com.turingds.dsexercise.recursion.Factorial.factorial(Factorial.java:17)
	at com.turingds.dsexercise.recursion.Factorial.factorial(Factorial.java:17)
	at com.turingds.dsexercise.recursion.Factorial.factorial(Factorial.java:17)
	at com.turingds.dsexercise.recursion.Factorial.factorial(Factorial.java:17)
	at com.turingds.dsexercise.recursion.Factorial.factorial(Factorial.java:17)
	at com.turingds.dsexercise.recursion.Factorial.factorial(Factorial.java:17)
	at com.turingds.dsexercise.recursion.Factorial.factorial(Factorial.java:17)
	at com.turingds.dsexercise.recursion.Factorial.factorial(Factorial.java:17)
	at com.turingds.dsexercise.recursion.Factorial.factorial(Factorial.java:17)
	at com.turingds.dsexercise.recursion.Factorial.factorial(Factorial.java:17)
	at com.turingds.dsexercise.recursion.Factorial.factorial(Factorial.java:17)
	at com.turingds.dsexercise.recursion.Factorial.factorial(Factorial.java:17)
	at com.turingds.dsexercise.recursion.Factorial.factorial(Factorial.java:17)
	at com.turingds.dsexercise.recursion.Factorial.factorial(Factorial.java:17)
	at com.turingds.dsexercise.recursion.Factorial.factorial(Factorial.java:17)
	at com.turingds.dsexercise.recursion.Factorial.factorial(Factorial.java:17)
	at com.turingds.dsexercise.recursion.Factorial.factorial(Factorial.java:17)
	at com.turingds.dsexercise.recursion.Factorial.factorial(Factorial.java:17)
	at com.turingds.dsexercise.recursion.Factorial.factorial(Factorial.java:17)
	at com.turingds.dsexercise.recursion.Factorial.factorial(Factorial.java:17)
	at com.turingds.dsexercise.recursion.Factorial.factorial(Factorial.java:17)
	at com.turingds.dsexercise.recursion.Factorial.factorial(Factorial.java:17)
	at com.turingds.dsexercise.recursion.Factorial.factorial(Factorial.java:17)
	at com.turingds.dsexercise.recursion.Factorial.factorial(Factorial.java:17)
	at com.turingds.dsexercise.recursion.Factorial.factorial(Factorial.java:17)
	at com.turingds.dsexercise.recursion.Factorial.factorial(Factorial.java:17)
	at com.turingds.dsexercise.recursion.Factorial.factorial(Factorial.java:17)
	at com.turingds.dsexercise.recursion.Factorial.factorial(Factorial.java:17)
	at com.turingds.dsexercise.recursion.Factorial.factorial(Factorial.java:17)
	at com.turingds.dsexercise.recursion.Factorial.factorial(Factorial.java:17)
	at com.turingds.dsexercise.recursion.Factorial.factorial(Factorial.java:17)
	at com.turingds.dsexercise.recursion.Factorial.factorial(Factorial.java:17)
	at com.turingds.dsexercise.recursion.Factorial.factorial(Factorial.java:17)
	at com.turingds.dsexercise.recursion.Factorial.factorial(Factorial.java:17)
	at com.turingds.dsexercise.recursion.Factorial.factorial(Factorial.java:17)
	at com.turingds.dsexercise.recursion.Factorial.factorial(Factorial.java:17)
	at com.turingds.dsexercise.recursion.Factorial.factorial(Factorial.java:17)
	at com.turingds.dsexercise.recursion.Factorial.factorial(Factorial.java:17)
	at com.turingds.dsexercise.recursion.Factorial.factorial(Factorial.java:17)
	at com.turingds.dsexercise.recursion.Factorial.factorial(Factorial.java:17)
	at com.turingds.dsexercise.recursion.Factorial.factorial(Factorial.java:17)
	at com.turingds.dsexercise.recursion.Factorial.factorial(Factorial.java:17)
	at com.turingds.dsexercise.recursion.Factorial.factorial(Factorial.java:17)
	at com.turingds.dsexercise.recursion.Factorial.factorial(Factorial.java:17)
	at com.turingds.dsexercise.recursion.Factorial.factorial(Factorial.java:17)
	at com.turingds.dsexercise.recursion.Factorial.factorial(Factorial.java:17)
	at com.turingds.dsexercise.recursion.Factorial.factorial(Factorial.java:17)
	at com.turingds.dsexercise.recursion.Factorial.factorial(Factorial.java:17)
	at com.turingds.dsexercise.recursion.Factorial.factorial(Factorial.java:17)
	at com.turingds.dsexercise.recursion.Factorial.factorial(Factorial.java:17)
	at com.turingds.dsexercise.recursion.Factorial.factorial(Factorial.java:17)
	at com.turingds.dsexercise.recursion.Factorial.factorial(Factorial.java:17)
	at com.turingds.dsexercise.recursion.Factorial.factorial(Factorial.java:17)
	at com.turingds.dsexercise.recursion.Factorial.factorial(Factorial.java:17)
	at com.turingds.dsexercise.recursion.Factorial.factorial(Factorial.java:17)
	at com.turingds.dsexercise.recursion.Factorial.factorial(Factorial.java:17)
	at com.turingds.dsexercise.recursion.Factorial.factorial(Factorial.java:17)
	at com.turingds.dsexercise.recursion.Factorial.factorial(Factorial.java:17)
	at com.turingds.dsexercise.recursion.Factorial.factorial(Factorial.java:17)
	at com.turingds.dsexercise.recursion.Factorial.factorial(Factorial.java:17)
	at com.turingds.dsexercise.recursion.Factorial.factorial(Factorial.java:17)
	at com.turingds.dsexercise.recursion.Factorial.factorial(Factorial.java:17)
	at com.turingds.dsexercise.recursion.Factorial.factorial(Factorial.java:17)
	at com.turingds.dsexercise.recursion.Factorial.factorial(Factorial.java:17)
	at com.turingds.dsexercise.recursion.Factorial.factorial(Factorial.java:17)
	at com.turingds.dsexercise.recursion.Factorial.factorial(Factorial.java:17)
	at com.turingds.dsexercise.recursion.Factorial.factorial(Factorial.java:17)
	at com.turingds.dsexercise.recursion.Factorial.factorial(Factorial.java:17)
	at com.turingds.dsexercise.recursion.Factorial.factorial(Factorial.java:17)
	at com.turingds.dsexercise.recursion.Factorial.factorial(Factorial.java:17)
	at com.turingds.dsexercise.recursion.Factorial.factorial(Factorial.java:17)
	at com.turingds.dsexercise.recursion.Factorial.factorial(Factorial.java:17)
	at com.turingds.dsexercise.recursion.Factorial.factorial(Factorial.java:17)
	at com.turingds.dsexercise.recursion.Factorial.factorial(Factorial.java:17)
	at com.turingds.dsexercise.recursion.Factorial.factorial(Factorial.java:17)
	at com.turingds.dsexercise.recursion.Factorial.factorial(Factorial.java:17)
	at com.turingds.dsexercise.recursion.Factorial.factorial(Factorial.java:17)
	at com.turingds.dsexercise.recursion.Factorial.factorial(Factorial.java:17)
	at com.turingds.dsexercise.recursion.Factorial.factorial(Factorial.java:17)
	at com.turingds.dsexercise.recursion.Factorial.factorial(Factorial.java:17)
	at com.turingds.dsexercise.recursion.Factorial.factorial(Factorial.java:17)
	at com.turingds.dsexercise.recursion.Factorial.factorial(Factorial.java:17)
	at com.turingds.dsexercise.recursion.Factorial.factorial(Factorial.java:17)
	at com.turingds.dsexercise.recursion.Factorial.factorial(Factorial.java:17)
	at com.turingds.dsexercise.recursion.Factorial.factorial(Factorial.java:17)
	at com.turingds.dsexercise.recursion.Factorial.factorial(Factorial.java:17)
	at com.turingds.dsexercise.recursion.Factorial.factorial(Factorial.java:17)
	at com.turingds.dsexercise.recursion.Factorial.factorial(Factorial.java:17)
	at com.turingds.dsexercise.recursion.Factorial.factorial(Factorial.java:17)
	at com.turingds.dsexercise.recursion.Factorial.factorial(Factorial.java:17)
	at com.turingds.dsexercise.recursion.Factorial.factorial(Factorial.java:17)
	at com.turingds.dsexercise.recursion.Factorial.factorial(Factorial.java:17)
	at com.turingds.dsexercise.recursion.Factorial.factorial(Factorial.java:17)
	at com.turingds.dsexercise.recursion.Factorial.factorial(Factorial.java:17)
	at com.turingds.dsexercise.recursion.Factorial.factorial(Factorial.java:17)
	at com.turingds.dsexercise.recursion.Factorial.factorial(Factorial.java:17)
	at com.turingds.dsexercise.recursion.Factorial.factorial(Factorial.java:17)
	at com.turingds.dsexercise.recursion.Factorial.factorial(Factorial.java:17)
	at com.turingds.dsexercise.recursion.Factorial.factorial(Factorial.java:17)
	at com.turingds.dsexercise.recursion.Factorial.factorial(Factorial.java:17)
	at com.turingds.dsexercise.recursion.Factorial.factorial(Factorial.java:17)
	at com.turingds.dsexercise.recursion.Factorial.factorial(Factorial.java:17)
	at com.turingds.dsexercise.recursion.Factorial.factorial(Factorial.java:17)
	at com.turingds.dsexercise.recursion.Factorial.factorial(Factorial.java:17)
	at com.turingds.dsexercise.recursion.Factorial.factorial(Factorial.java:17)
	at com.turingds.dsexercise.recursion.Factorial.factorial(Factorial.java:17)
	at com.turingds.dsexercise.recursion.Factorial.factorial(Factorial.java:17)
	at com.turingds.dsexercise.recursion.Factorial.factorial(Factorial.java:17)
	at com.turingds.dsexercise.recursion.Factorial.factorial(Factorial.java:17)
	at com.turingds.dsexercise.recursion.Factorial.factorial(Factorial.java:17)
	at com.turingds.dsexercise.recursion.Factorial.factorial(Factorial.java:17)
	at com.turingds.dsexercise.recursion.Factorial.factorial(Factorial.java:17)
	at com.turingds.dsexercise.recursion.Factorial.factorial(Factorial.java:17)
	at com.turingds.dsexercise.recursion.Factorial.factorial(Factorial.java:17)
	at com.turingds.dsexercise.recursion.Factorial.factorial(Factorial.java:17)
	at com.turingds.dsexercise.recursion.Factorial.factorial(Factorial.java:17)
	at com.turingds.dsexercise.recursion.Factorial.factorial(Factorial.java:17)
	at com.turingds.dsexercise.recursion.Factorial.factorial(Factorial.java:17)
	at com.turingds.dsexercise.recursion.Factorial.factorial(Factorial.java:17)
	at com.turingds.dsexercise.recursion.Factorial.factorial(Factorial.java:17)
	at com.turingds.dsexercise.recursion.Factorial.factorial(Factorial.java:17)
	at com.turingds.dsexercise.recursion.Factorial.factorial(Factorial.java:17)
	at com.turingds.dsexercise.recursion.Factorial.factorial(Factorial.java:17)
	at com.turingds.dsexercise.recursion.Factorial.factorial(Factorial.java:17)
	at com.turingds.dsexercise.recursion.Factorial.factorial(Factorial.java:17)
	at com.turingds.dsexercise.recursion.Factorial.factorial(Factorial.java:17)
	at com.turingds.dsexercise.recursion.Factorial.factorial(Factorial.java:17)
	at com.turingds.dsexercise.recursion.Factorial.factorial(Factorial.java:17)
	at com.turingds.dsexercise.recursion.Factorial.factorial(Factorial.java:17)
	at com.turingds.dsexercise.recursion.Factorial.factorial(Factorial.java:17)
	at com.turingds.dsexercise.recursion.Factorial.factorial(Factorial.java:17)
	at com.turingds.dsexercise.recursion.Factorial.factorial(Factorial.java:17)
	at com.turingds.dsexercise.recursion.Factorial.factorial(Factorial.java:17)
	at com.turingds.dsexercise.recursion.Factorial.factorial(Factorial.java:17)
	at com.turingds.dsexercise.recursion.Factorial.factorial(Factorial.java:17)
	at com.turingds.dsexercise.recursion.Factorial.factorial(Factorial.java:17)
	at com.turingds.dsexercise.recursion.Factorial.factorial(Factorial.java:17)
	at com.turingds.dsexercise.recursion.Factorial.factorial(Factorial.java:17)
	at com.turingds.dsexercise.recursion.Factorial.factorial(Factorial.java:17)
	at com.turingds.dsexercise.recursion.Factorial.factorial(Factorial.java:17)
	at com.turingds.dsexercise.recursion.Factorial.factorial(Factorial.java:17)
	at com.turingds.dsexercise.recursion.Factorial.factorial(Factorial.java:17)
	at com.turingds.dsexercise.recursion.Factorial.factorial(Factorial.java:17)
	at com.turingds.dsexercise.recursion.Factorial.factorial(Factorial.java:17)
	at com.turingds.dsexercise.recursion.Factorial.factorial(Factorial.java:17)
	at com.turingds.dsexercise.recursion.Factorial.factorial(Factorial.java:17)
	at com.turingds.dsexercise.recursion.Factorial.factorial(Factorial.java:17)
	at com.turingds.dsexercise.recursion.Factorial.factorial(Factorial.java:17)
	at com.turingds.dsexercise.recursion.Factorial.factorial(Factorial.java:17)
	at com.turingds.dsexercise.recursion.Factorial.factorial(Factorial.java:17)
	at com.turingds.dsexercise.recursion.Factorial.factorial(Factorial.java:17)
	at com.turingds.dsexercise.recursion.Factorial.factorial(Factorial.java:17)
	at com.turingds.dsexercise.recursion.Factorial.factorial(Factorial.java:17)
	at com.turingds.dsexercise.recursion.Factorial.factorial(Factorial.java:17)
	at com.turingds.dsexercise.recursion.Factorial.factorial(Factorial.java:17)
	at com.turingds.dsexercise.recursion.Factorial.factorial(Factorial.java:17)
	at com.turingds.dsexercise.recursion.Factorial.factorial(Factorial.java:17)
	at com.turingds.dsexercise.recursion.Factorial.factorial(Factorial.java:17)
	at com.turingds.dsexercise.recursion.Factorial.factorial(Factorial.java:17)
	at com.turingds.dsexercise.recursion.Factorial.factorial(Factorial.java:17)
	at com.turingds.dsexercise.recursion.Factorial.factorial(Factorial.java:17)
	at com.turingds.dsexercise.recursion.Factorial.factorial(Factorial.java:17)
	at com.turingds.dsexercise.recursion.Factorial.factorial(Factorial.java:17)
	at com.turingds.dsexercise.recursion.Factorial.factorial(Factorial.java:17)
	at com.turingds.dsexercise.recursion.Factorial.factorial(Factorial.java:17)
	at com.turingds.dsexercise.recursion.Factorial.factorial(Factorial.java:17)
	at com.turingds.dsexercise.recursion.Factorial.factorial(Factorial.java:17)
	at com.turingds.dsexercise.recursion.Factorial.factorial(Factorial.java:17)
	at com.turingds.dsexercise.recursion.Factorial.factorial(Factorial.java:17)
	at com.turingds.dsexercise.recursion.Factorial.factorial(Factorial.java:17)
	at com.turingds.dsexercise.recursion.Factorial.factorial(Factorial.java:17)
	at com.turingds.dsexercise.recursion.Factorial.factorial(Factorial.java:17)
	at com.turingds.dsexercise.recursion.Factorial.factorial(Factorial.java:17)
	at com.turingds.dsexercise.recursion.Factorial.factorial(Factorial.java:17)
	at com.turingds.dsexercise.recursion.Factorial.factorial(Factorial.java:17)
	at com.turingds.dsexercise.recursion.Factorial.factorial(Factorial.java:17)
	at com.turingds.dsexercise.recursion.Factorial.factorial(Factorial.java:17)
	at com.turingds.dsexercise.recursion.Factorial.factorial(Factorial.java:17)
	at com.turingds.dsexercise.recursion.Factorial.factorial(Factorial.java:17)
	at com.turingds.dsexercise.recursion.Factorial.factorial(Factorial.java:17)
	at com.turingds.dsexercise.recursion.Factorial.factorial(Factorial.java:17)
	at com.turingds.dsexercise.recursion.Factorial.factorial(Factorial.java:17)
	at com.turingds.dsexercise.recursion.Factorial.factorial(Factorial.java:17)
	at com.turingds.dsexercise.recursion.Factorial.factorial(Factorial.java:17)
	at com.turingds.dsexercise.recursion.Factorial.factorial(Factorial.java:17)
	at com.turingds.dsexercise.recursion.Factorial.factorial(Factorial.java:17)
	at com.turingds.dsexercise.recursion.Factorial.factorial(Factorial.java:17)
	at com.turingds.dsexercise.recursion.Factorial.factorial(Factorial.java:17)
	at com.turingds.dsexercise.recursion.Factorial.factorial(Factorial.java:17)
	at com.turingds.dsexercise.recursion.Factorial.factorial(Factorial.java:17)
	at com.turingds.dsexercise.recursion.Factorial.factorial(Factorial.java:17)
	at com.turingds.dsexercise.recursion.Factorial.factorial(Factorial.java:17)
	at com.turingds.dsexercise.recursion.Factorial.factorial(Factorial.java:17)
	at com.turingds.dsexercise.recursion.Factorial.factorial(Factorial.java:17)
	at com.turingds.dsexercise.recursion.Factorial.factorial(Factorial.java:17)
	at com.turingds.dsexercise.recursion.Factorial.factorial(Factorial.java:17)
	at com.turingds.dsexercise.recursion.Factorial.factorial(Factorial.java:17)
	at com.turingds.dsexercise.recursion.Factorial.factorial(Factorial.java:17)
	at com.turingds.dsexercise.recursion.Factorial.factorial(Factorial.java:17)
	at com.turingds.dsexercise.recursion.Factorial.factorial(Factorial.java:17)
	at com.turingds.dsexercise.recursion.Factorial.factorial(Factorial.java:17)
	at com.turingds.dsexercise.recursion.Factorial.factorial(Factorial.java:17)
	at com.turingds.dsexercise.recursion.Factorial.factorial(Factorial.java:17)
	at com.turingds.dsexercise.recursion.Factorial.factorial(Factorial.java:17)
	at com.turingds.dsexercise.recursion.Factorial.factorial(Factorial.java:17)
	at com.turingds.dsexercise.recursion.Factorial.factorial(Factorial.java:17)
	at com.turingds.dsexercise.recursion.Factorial.factorial(Factorial.java:17)
	at com.turingds.dsexercise.recursion.Factorial.factorial(Factorial.java:17)
	at com.turingds.dsexercise.recursion.Factorial.factorial(Factorial.java:17)
	at com.turingds.dsexercise.recursion.Factorial.factorial(Factorial.java:17)
	at com.turingds.dsexercise.recursion.Factorial.factorial(Factorial.java:17)
	at com.turingds.dsexercise.recursion.Factorial.factorial(Factorial.java:17)
	at com.turingds.dsexercise.recursion.Factorial.factorial(Factorial.java:17)
	at com.turingds.dsexercise.recursion.Factorial.factorial(Factorial.java:17)
	at com.turingds.dsexercise.recursion.Factorial.factorial(Factorial.java:17)
	at com.turingds.dsexercise.recursion.Factorial.factorial(Factorial.java:17)
	at com.turingds.dsexercise.recursion.Factorial.factorial(Factorial.java:17)
	at com.turingds.dsexercise.recursion.Factorial.factorial(Factorial.java:17)
	at com.turingds.dsexercise.recursion.Factorial.factorial(Factorial.java:17)
	at com.turingds.dsexercise.recursion.Factorial.factorial(Factorial.java:17)
	at com.turingds.dsexercise.recursion.Factorial.factorial(Factorial.java:17)
	at com.turingds.dsexercise.recursion.Factorial.factorial(Factorial.java:17)
	at com.turingds.dsexercise.recursion.Factorial.factorial(Factorial.java:17)
	at com.turingds.dsexercise.recursion.Factorial.factorial(Factorial.java:17)
	at com.turingds.dsexercise.recursion.Factorial.factorial(Factorial.java:17)
	at com.turingds.dsexercise.recursion.Factorial.factorial(Factorial.java:17)
	at com.turingds.dsexercise.recursion.Factorial.factorial(Factorial.java:17)
	at com.turingds.dsexercise.recursion.Factorial.factorial(Factorial.java:17)
	at com.turingds.dsexercise.recursion.Factorial.factorial(Factorial.java:17)
	at com.turingds.dsexercise.recursion.Factorial.factorial(Factorial.java:17)
	at com.turingds.dsexercise.recursion.Factorial.factorial(Factorial.java:17)
	at com.turingds.dsexercise.recursion.Factorial.factorial(Factorial.java:17)
	at com.turingds.dsexercise.recursion.Factorial.factorial(Factorial.java:17)
	at com.turingds.dsexercise.recursion.Factorial.factorial(Factorial.java:17)
	at com.turingds.dsexercise.recursion.Factorial.factorial(Factorial.java:17)
	at com.turingds.dsexercise.recursion.Factorial.factorial(Factorial.java:17)
	at com.turingds.dsexercise.recursion.Factorial.factorial(Factorial.java:17)
	at com.turingds.dsexercise.recursion.Factorial.factorial(Factorial.java:17)
	at com.turingds.dsexercise.recursion.Factorial.factorial(Factorial.java:17)
	at com.turingds.dsexercise.recursion.Factorial.factorial(Factorial.java:17)
	at com.turingds.dsexercise.recursion.Factorial.factorial(Factorial.java:17)
	at com.turingds.dsexercise.recursion.Factorial.factorial(Factorial.java:17)
	at com.turingds.dsexercise.recursion.Factorial.factorial(Factorial.java:17)
	at com.turingds.dsexercise.recursion.Factorial.factorial(Factorial.java:17)
	at com.turingds.dsexercise.recursion.Factorial.factorial(Factorial.java:17)
	at com.turingds.dsexercise.recursion.Factorial.factorial(Factorial.java:17)
	at com.turingds.dsexercise.recursion.Factorial.factorial(Factorial.java:17)
	at com.turingds.dsexercise.recursion.Factorial.factorial(Factorial.java:17)
	at com.turingds.dsexercise.recursion.Factorial.factorial(Factorial.java:17)
	at com.turingds.dsexercise.recursion.Factorial.factorial(Factorial.java:17)
	at com.turingds.dsexercise.recursion.Factorial.factorial(Factorial.java:17)
	at com.turingds.dsexercise.recursion.Factorial.factorial(Factorial.java:17)
	at com.turingds.dsexercise.recursion.Factorial.factorial(Factorial.java:17)
	at com.turingds.dsexercise.recursion.Factorial.factorial(Factorial.java:17)
	at com.turingds.dsexercise.recursion.Factorial.factorial(Factorial.java:17)
	at com.turingds.dsexercise.recursion.Factorial.factorial(Factorial.java:17)
	at com.turingds.dsexercise.recursion.Factorial.factorial(Factorial.java:17)
	at com.turingds.dsexercise.recursion.Factorial.factorial(Factorial.java:17)
	at com.turingds.dsexercise.recursion.Factorial.factorial(Factorial.java:17)
	at com.turingds.dsexercise.recursion.Factorial.factorial(Factorial.java:17)
	at com.turingds.dsexercise.recursion.Factorial.factorial(Factorial.java:17)
	at com.turingds.dsexercise.recursion.Factorial.factorial(Factorial.java:17)
	at com.turingds.dsexercise.recursion.Factorial.factorial(Factorial.java:17)
	at com.turingds.dsexercise.recursion.Factorial.factorial(Factorial.java:17)
	at com.turingds.dsexercise.recursion.Factorial.factorial(Factorial.java:17)
	at com.turingds.dsexercise.recursion.Factorial.factorial(Factorial.java:17)
	at com.turingds.dsexercise.recursion.Factorial.factorial(Factorial.java:17)
	at com.turingds.dsexercise.recursion.Factorial.factorial(Factorial.java:17)
	at com.turingds.dsexercise.recursion.Factorial.factorial(Factorial.java:17)
	at com.turingds.dsexercise.recursion.Factorial.factorial(Factorial.java:17)
	at com.turingds.dsexercise.recursion.Factorial.factorial(Factorial.java:17)
	at com.turingds.dsexercise.recursion.Factorial.factorial(Factorial.java:17)
	at com.turingds.dsexercise.recursion.Factorial.factorial(Factorial.java:17)
	at com.turingds.dsexercise.recursion.Factorial.factorial(Factorial.java:17)
	at com.turingds.dsexercise.recursion.Factorial.factorial(Factorial.java:17)
	at com.turingds.dsexercise.recursion.Factorial.factorial(Factorial.java:17)
	at com.turingds.dsexercise.recursion.Factorial.factorial(Factorial.java:17)
	at com.turingds.dsexercise.recursion.Factorial.factorial(Factorial.java:17)
	at com.turingds.dsexercise.recursion.Factorial.factorial(Factorial.java:17)
	at com.turingds.dsexercise.recursion.Factorial.factorial(Factorial.java:17)
	at com.turingds.dsexercise.recursion.Factorial.factorial(Factorial.java:17)
	at com.turingds.dsexercise.recursion.Factorial.factorial(Factorial.java:17)
	at com.turingds.dsexercise.recursion.Factorial.factorial(Factorial.java:17)
	at com.turingds.dsexercise.recursion.Factorial.factorial(Factorial.java:17)
	at com.turingds.dsexercise.recursion.Factorial.factorial(Factorial.java:17)
	at com.turingds.dsexercise.recursion.Factorial.factorial(Factorial.java:17)
	at com.turingds.dsexercise.recursion.Factorial.factorial(Factorial.java:17)
	at com.turingds.dsexercise.recursion.Factorial.factorial(Factorial.java:17)
	at com.turingds.dsexercise.recursion.Factorial.factorial(Factorial.java:17)
	at com.turingds.dsexercise.recursion.Factorial.factorial(Factorial.java:17)
	at com.turingds.dsexercise.recursion.Factorial.factorial(Factorial.java:17)
	at com.turingds.dsexercise.recursion.Factorial.factorial(Factorial.java:17)
	at com.turingds.dsexercise.recursion.Factorial.factorial(Factorial.java:17)
	at com.turingds.dsexercise.recursion.Factorial.factorial(Factorial.java:17)
	at com.turingds.dsexercise.recursion.Factorial.factorial(Factorial.java:17)
	at com.turingds.dsexercise.recursion.Factorial.factorial(Factorial.java:17)
	at com.turingds.dsexercise.recursion.Factorial.factorial(Factorial.java:17)
	at com.turingds.dsexercise.recursion.Factorial.factorial(Factorial.java:17)
	at com.turingds.dsexercise.recursion.Factorial.factorial(Factorial.java:17)
	at com.turingds.dsexercise.recursion.Factorial.factorial(Factorial.java:17)
	at com.turingds.dsexercise.recursion.Factorial.factorial(Factorial.java:17)
	at com.turingds.dsexercise.recursion.Factorial.factorial(Factorial.java:17)
	at com.turingds.dsexercise.recursion.Factorial.factorial(Factorial.java:17)
	at com.turingds.dsexercise.recursion.Factorial.factorial(Factorial.java:17)
	at com.turingds.dsexercise.recursion.Factorial.factorial(Factorial.java:17)
	at com.turingds.dsexercise.recursion.Factorial.factorial(Factorial.java:17)
	at com.turingds.dsexercise.recursion.Factorial.factorial(Factorial.java:17)
	at com.turingds.dsexercise.recursion.Factorial.factorial(Factorial.java:17)
	at com.turingds.dsexercise.recursion.Factorial.factorial(Factorial.java:17)
	at com.turingds.dsexercise.recursion.Factorial.factorial(Factorial.java:17)
	at com.turingds.dsexercise.recursion.Factorial.factorial(Factorial.java:17)
	at com.turingds.dsexercise.recursion.Factorial.factorial(Factorial.java:17)
	at com.turingds.dsexercise.recursion.Factorial.factorial(Factorial.java:17)
	at com.turingds.dsexercise.recursion.Factorial.factorial(Factorial.java:17)
	at com.turingds.dsexercise.recursion.Factorial.factorial(Factorial.java:17)
	at com.turingds.dsexercise.recursion.Factorial.factorial(Factorial.java:17)
	at com.turingds.dsexercise.recursion.Factorial.factorial(Factorial.java:17)
	at com.turingds.dsexercise.recursion.Factorial.factorial(Factorial.java:17)
	at com.turingds.dsexercise.recursion.Factorial.factorial(Factorial.java:17)
	at com.turingds.dsexercise.recursion.Factorial.factorial(Factorial.java:17)
	at com.turingds.dsexercise.recursion.Factorial.factorial(Factorial.java:17)
	at com.turingds.dsexercise.recursion.Factorial.factorial(Factorial.java:17)
	at com.turingds.dsexercise.recursion.Factorial.factorial(Factorial.java:17)
	at com.turingds.dsexercise.recursion.Factorial.factorial(Factorial.java:17)
	at com.turingds.dsexercise.recursion.Factorial.factorial(Factorial.java:17)
	at com.turingds.dsexercise.recursion.Factorial.factorial(Factorial.java:17)
	at com.turingds.dsexercise.recursion.Factorial.factorial(Factorial.java:17)
	at com.turingds.dsexercise.recursion.Factorial.factorial(Factorial.java:17)
	at com.turingds.dsexercise.recursion.Factorial.factorial(Factorial.java:17)
	at com.turingds.dsexercise.recursion.Factorial.factorial(Factorial.java:17)
	at com.turingds.dsexercise.recursion.Factorial.factorial(Factorial.java:17)
	at com.turingds.dsexercise.recursion.Factorial.factorial(Factorial.java:17)
	at com.turingds.dsexercise.recursion.Factorial.factorial(Factorial.java:17)
	at com.turingds.dsexercise.recursion.Factorial.factorial(Factorial.java:17)
	at com.turingds.dsexercise.recursion.Factorial.factorial(Factorial.java:17)
	at com.turingds.dsexercise.recursion.Factorial.factorial(Factorial.java:17)
	at com.turingds.dsexercise.recursion.Factorial.factorial(Factorial.java:17)
	at com.turingds.dsexercise.recursion.Factorial.factorial(Factorial.java:17)
	at com.turingds.dsexercise.recursion.Factorial.factorial(Factorial.java:17)
	at com.turingds.dsexercise.recursion.Factorial.factorial(Factorial.java:17)
	at com.turingds.dsexercise.recursion.Factorial.factorial(Factorial.java:17)
	at com.turingds.dsexercise.recursion.Factorial.factorial(Factorial.java:17)
	at com.turingds.dsexercise.recursion.Factorial.factorial(Factorial.java:17)
	at com.turingds.dsexercise.recursion.Factorial.factorial(Factorial.java:17)
	at com.turingds.dsexercise.recursion.Factorial.factorial(Factorial.java:17)
	at com.turingds.dsexercise.recursion.Factorial.factorial(Factorial.java:17)
	at com.turingds.dsexercise.recursion.Factorial.factorial(Factorial.java:17)
	at com.turingds.dsexercise.recursion.Factorial.factorial(Factorial.java:17)
	at com.turingds.dsexercise.recursion.Factorial.factorial(Factorial.java:17)
	at com.turingds.dsexercise.recursion.Factorial.factorial(Factorial.java:17)
	at com.turingds.dsexercise.recursion.Factorial.factorial(Factorial.java:17)
	at com.turingds.dsexercise.recursion.Factorial.factorial(Factorial.java:17)
	at com.turingds.dsexercise.recursion.Factorial.factorial(Factorial.java:17)
	at com.turingds.dsexercise.recursion.Factorial.factorial(Factorial.java:17)
	at com.turingds.dsexercise.recursion.Factorial.factorial(Factorial.java:17)
	at com.turingds.dsexercise.recursion.Factorial.factorial(Factorial.java:17)
	at com.turingds.dsexercise.recursion.Factorial.factorial(Factorial.java:17)
	at com.turingds.dsexercise.recursion.Factorial.factorial(Factorial.java:17)
	at com.turingds.dsexercise.recursion.Factorial.factorial(Factorial.java:17)
	at com.turingds.dsexercise.recursion.Factorial.factorial(Factorial.java:17)
	at com.turingds.dsexercise.recursion.Factorial.factorial(Factorial.java:17)
	at com.turingds.dsexercise.recursion.Factorial.factorial(Factorial.java:17)
	at com.turingds.dsexercise.recursion.Factorial.factorial(Factorial.java:17)
	at com.turingds.dsexercise.recursion.Factorial.factorial(Factorial.java:17)
	at com.turingds.dsexercise.recursion.Factorial.factorial(Factorial.java:17)
	at com.turingds.dsexercise.recursion.Factorial.factorial(Factorial.java:17)
	at com.turingds.dsexercise.recursion.Factorial.factorial(Factorial.java:17)
	at com.turingds.dsexercise.recursion.Factorial.factorial(Factorial.java:17)
	at com.turingds.dsexercise.recursion.Factorial.factorial(Factorial.java:17)
	at com.turingds.dsexercise.recursion.Factorial.factorial(Factorial.java:17)
	at com.turingds.dsexercise.recursion.Factorial.factorial(Factorial.java:17)
	at com.turingds.dsexercise.recursion.Factorial.factorial(Factorial.java:17)
	at com.turingds.dsexercise.recursion.Factorial.factorial(Factorial.java:17)
	at com.turingds.dsexercise.recursion.Factorial.factorial(Factorial.java:17)
	at com.turingds.dsexercise.recursion.Factorial.factorial(Factorial.java:17)
	at com.turingds.dsexercise.recursion.Factorial.factorial(Factorial.java:17)
	at com.turingds.dsexercise.recursion.Factorial.factorial(Factorial.java:17)
	at com.turingds.dsexercise.recursion.Factorial.factorial(Factorial.java:17)
	at com.turingds.dsexercise.recursion.Factorial.factorial(Factorial.java:17)
	at com.turingds.dsexercise.recursion.Factorial.factorial(Factorial.java:17)
	at com.turingds.dsexercise.recursion.Factorial.factorial(Factorial.java:17)
	at com.turingds.dsexercise.recursion.Factorial.factorial(Factorial.java:17)
	at com.turingds.dsexercise.recursion.Factorial.factorial(Factorial.java:17)
	at com.turingds.dsexercise.recursion.Factorial.factorial(Factorial.java:17)
	at com.turingds.dsexercise.recursion.Factorial.factorial(Factorial.java:17)
	at com.turingds.dsexercise.recursion.Factorial.factorial(Factorial.java:17)
	at com.turingds.dsexercise.recursion.Factorial.factorial(Factorial.java:17)
	at com.turingds.dsexercise.recursion.Factorial.factorial(Factorial.java:17)
	at com.turingds.dsexercise.recursion.Factorial.factorial(Factorial.java:17)
	at com.turingds.dsexercise.recursion.Factorial.factorial(Factorial.java:17)
	at com.turingds.dsexercise.recursion.Factorial.factorial(Factorial.java:17)
	at com.turingds.dsexercise.recursion.Factorial.factorial(Factorial.java:17)
	at com.turingds.dsexercise.recursion.Factorial.factorial(Factorial.java:17)
	at com.turingds.dsexercise.recursion.Factorial.factorial(Factorial.java:17)
	at com.turingds.dsexercise.recursion.Factorial.factorial(Factorial.java:17)
	at com.turingds.dsexercise.recursion.Factorial.factorial(Factorial.java:17)
	at com.turingds.dsexercise.recursion.Factorial.factorial(Factorial.java:17)
	at com.turingds.dsexercise.recursion.Factorial.factorial(Factorial.java:17)
	at com.turingds.dsexercise.recursion.Factorial.factorial(Factorial.java:17)
	at com.turingds.dsexercise.recursion.Factorial.factorial(Factorial.java:17)
	at com.turingds.dsexercise.recursion.Factorial.factorial(Factorial.java:17)
	at com.turingds.dsexercise.recursion.Factorial.factorial(Factorial.java:17)
	at com.turingds.dsexercise.recursion.Factorial.factorial(Factorial.java:17)
	at com.turingds.dsexercise.recursion.Factorial.factorial(Factorial.java:17)
	at com.turingds.dsexercise.recursion.Factorial.factorial(Factorial.java:17)
	at com.turingds.dsexercise.recursion.Factorial.factorial(Factorial.java:17)
	at com.turingds.dsexercise.recursion.Factorial.factorial(Factorial.java:17)
	at com.turingds.dsexercise.recursion.Factorial.factorial(Factorial.java:17)
	at com.turingds.dsexercise.recursion.Factorial.factorial(Factorial.java:17)
	at com.turingds.dsexercise.recursion.Factorial.factorial(Factorial.java:17)
	at com.turingds.dsexercise.recursion.Factorial.factorial(Factorial.java:17)
	at com.turingds.dsexercise.recursion.Factorial.factorial(Factorial.java:17)
	at com.turingds.dsexercise.recursion.Factorial.factorial(Factorial.java:17)
	at com.turingds.dsexercise.recursion.Factorial.factorial(Factorial.java:17)
	at com.turingds.dsexercise.recursion.Factorial.factorial(Factorial.java:17)
	at com.turingds.dsexercise.recursion.Factorial.factorial(Factorial.java:17)
	at com.turingds.dsexercise.recursion.Factorial.factorial(Factorial.java:17)
	at com.turingds.dsexercise.recursion.Factorial.factorial(Factorial.java:17)
	at com.turingds.dsexercise.recursion.Factorial.factorial(Factorial.java:17)
	at com.turingds.dsexercise.recursion.Factorial.factorial(Factorial.java:17)
	at com.turingds.dsexercise.recursion.Factorial.factorial(Factorial.java:17)
	at com.turingds.dsexercise.recursion.Factorial.factorial(Factorial.java:17)
	at com.turingds.dsexercise.recursion.Factorial.factorial(Factorial.java:17)
	at com.turingds.dsexercise.recursion.Factorial.factorial(Factorial.java:17)
	at com.turingds.dsexercise.recursion.Factorial.factorial(Factorial.java:17)
	at com.turingds.dsexercise.recursion.Factorial.factorial(Factorial.java:17)
	at com.turingds.dsexercise.recursion.Factorial.factorial(Factorial.java:17)
	at com.turingds.dsexercise.recursion.Factorial.factorial(Factorial.java:17)
	at com.turingds.dsexercise.recursion.Factorial.factorial(Factorial.java:17)
	at com.turingds.dsexercise.recursion.Factorial.factorial(Factorial.java:17)
	at com.turingds.dsexercise.recursion.Factorial.factorial(Factorial.java:17)
	at com.turingds.dsexercise.recursion.Factorial.factorial(Factorial.java:17)
	at com.turingds.dsexercise.recursion.Factorial.factorial(Factorial.java:17)
	at com.turingds.dsexercise.recursion.Factorial.factorial(Factorial.java:17)
	at com.turingds.dsexercise.recursion.Factorial.factorial(Factorial.java:17)
	at com.turingds.dsexercise.recursion.Factorial.factorial(Factorial.java:17)
	at com.turingds.dsexercise.recursion.Factorial.factorial(Factorial.java:17)
	at com.turingds.dsexercise.recursion.Factorial.factorial(Factorial.java:17)
	at com.turingds.dsexercise.recursion.Factorial.factorial(Factorial.java:17)
	at com.turingds.dsexercise.recursion.Factorial.factorial(Factorial.java:17)
	at com.turingds.dsexercise.recursion.Factorial.factorial(Factorial.java:17)
	at com.turingds.dsexercise.recursion.Factorial.factorial(Factorial.java:17)
	at com.turingds.dsexercise.recursion.Factorial.factorial(Factorial.java:17)
	at com.turingds.dsexercise.recursion.Factorial.factorial(Factorial.java:17)
	at com.turingds.dsexercise.recursion.Factorial.factorial(Factorial.java:17)
	at com.turingds.dsexercise.recursion.Factorial.factorial(Factorial.java:17)
	at com.turingds.dsexercise.recursion.Factorial.factorial(Factorial.java:17)
	at com.turingds.dsexercise.recursion.Factorial.factorial(Factorial.java:17)
	at com.turingds.dsexercise.recursion.Factorial.factorial(Factorial.java:17)
	at com.turingds.dsexercise.recursion.Factorial.factorial(Factorial.java:17)
	at com.turingds.dsexercise.recursion.Factorial.factorial(Factorial.java:17)
	at com.turingds.dsexercise.recursion.Factorial.factorial(Factorial.java:17)
	at com.turingds.dsexercise.recursion.Factorial.factorial(Factorial.java:17)
	at com.turingds.dsexercise.recursion.Factorial.factorial(Factorial.java:17)
	at com.turingds.dsexercise.recursion.Factorial.factorial(Factorial.java:17)
	at com.turingds.dsexercise.recursion.Factorial.factorial(Factorial.java:17)
	at com.turingds.dsexercise.recursion.Factorial.factorial(Factorial.java:17)
	at com.turingds.dsexercise.recursion.Factorial.factorial(Factorial.java:17)
	at com.turingds.dsexercise.recursion.Factorial.factorial(Factorial.java:17)
	at com.turingds.dsexercise.recursion.Factorial.factorial(Factorial.java:17)
	at com.turingds.dsexercise.recursion.Factorial.factorial(Factorial.java:17)
	at com.turingds.dsexercise.recursion.Factorial.factorial(Factorial.java:17)
	at com.turingds.dsexercise.recursion.Factorial.factorial(Factorial.java:17)
	at com.turingds.dsexercise.recursion.Factorial.factorial(Factorial.java:17)
	at com.turingds.dsexercise.recursion.Factorial.factorial(Factorial.java:17)
	at com.turingds.dsexercise.recursion.Factorial.factorial(Factorial.java:17)
	at com.turingds.dsexercise.recursion.Factorial.factorial(Factorial.java:17)
	at com.turingds.dsexercise.recursion.Factorial.factorial(Factorial.java:17)
	at com.turingds.dsexercise.recursion.Factorial.factorial(Factorial.java:17)
	at com.turingds.dsexercise.recursion.Factorial.factorial(Factorial.java:17)
	at com.turingds.dsexercise.recursion.Factorial.factorial(Factorial.java:17)
	at com.turingds.dsexercise.recursion.Factorial.factorial(Factorial.java:17)
	at com.turingds.dsexercise.recursion.Factorial.factorial(Factorial.java:17)
	at com.turingds.dsexercise.recursion.Factorial.factorial(Factorial.java:17)
	at com.turingds.dsexercise.recursion.Factorial.factorial(Factorial.java:17)
	at com.turingds.dsexercise.recursion.Factorial.factorial(Factorial.java:17)
	at com.turingds.dsexercise.recursion.Factorial.factorial(Factorial.java:17)
	at com.turingds.dsexercise.recursion.Factorial.factorial(Factorial.java:17)
	at com.turingds.dsexercise.recursion.Factorial.factorial(Factorial.java:17)
	at com.turingds.dsexercise.recursion.Factorial.factorial(Factorial.java:17)
	at com.turingds.dsexercise.recursion.Factorial.factorial(Factorial.java:17)
	at com.turingds.dsexercise.recursion.Factorial.factorial(Factorial.java:17)
	at com.turingds.dsexercise.recursion.Factorial.factorial(Factorial.java:17)
	at com.turingds.dsexercise.recursion.Factorial.factorial(Factorial.java:17)
	at com.turingds.dsexercise.recursion.Factorial.factorial(Factorial.java:17)
	at com.turingds.dsexercise.recursion.Factorial.factorial(Factorial.java:17)
	at com.turingds.dsexercise.recursion.Factorial.factorial(Factorial.java:17)
	at com.turingds.dsexercise.recursion.Factorial.factorial(Factorial.java:17)
	at com.turingds.dsexercise.recursion.Factorial.factorial(Factorial.java:17)
	at com.turingds.dsexercise.recursion.Factorial.factorial(Factorial.java:17)
	at com.turingds.dsexercise.recursion.Factorial.factorial(Factorial.java:17)
	at com.turingds.dsexercise.recursion.Factorial.factorial(Factorial.java:17)
	at com.turingds.dsexercise.recursion.Factorial.factorial(Factorial.java:17)

